get_opcodes error!
RouteServiceProvider.php error!
get_opcodes error!
UserFactory.php error!
run_getStaticFeature error!
529.php error!
run_getStaticFeature error!
AK-74 Security Team Web Shell Beta Version.php error!
get_opcodes error!
Andela 1C3 v3 (Private Release 2017).php error!
run_getStaticFeature error!
Antichat Shell. Modified by Go0o$E.php error!
run_getStaticFeature error!
Ayyildiz Tim  -AYT- Shell v 2.1 Biz.php error!
run_getStaticFeature error!
aZRaiLPhp v1.0.php error!
run_getStaticFeature error!
CasuS 1.5.php error!
run_getStaticFeature error!
CrystalShell v.1.php error!
run_getStaticFeature error!
cw.php error!
run_getStaticFeature error!
Cyber Shell (v 1.0).php error!
run_getStaticFeature error!
cybershell.php error!
run_getStaticFeature error!
erne.php error!
run_getStaticFeature error!
ex0shell.php error!
run_getStaticFeature error!
fatal.php error!
run_getStaticFeature error!
GFS_web-shell_ver_3.1.7_-_PRiV8.php error!
run_getStaticFeature error!
KAdot Universal Shell v0.1.6.php error!
run_getStaticFeature error!
kral.php error!
run_getStaticFeature error!
Liz0ziM Private Safe Mode Command Execuriton Bypass Exploit.php error!
run_getStaticFeature error!
Loaderz WEB Shell.php error!
run_getStaticFeature error!
load_shell.php error!
get_opcodes error!
mysql_tool.php error!
run_getStaticFeature error!
NTDaddy v1.9.php error!
get_opcodes error!
PHPRemoteView.php error!
run_getStaticFeature error!
PhpSpy Ver 2006.php error!
get_opcodes error!
PinoyLULZSecPrivateShell2017.php error!
get_opcodes error!
Stupidc0de Shell (2017).php error!
[1 0 0 0 0 0 0 0 0 0 0 0 0 0 0 0 0 0 0 0 0 0 0 0 0 0 0 0 0 0 0 0 0 0 0 0 0
 0 0 1 0 0 0 0 0 0 0 1 1 1 1 1 1 1 1 1 1 1 1 1 1 1 1 1 1 1 1 1 1 1 1 1 1 1
 1 1 1 1 1 1 1 1 1 1 1 1 1 1 1 1 1 1 1 1 0 0 1 1 1 1 1 1 1 1 1 0 1 1 1 1 0
 1 1 1 1 1 1 1 1 1 1 1 1 0 1 1 1 1 1 1 0 1 0 1 1 1 1 1 1]
C:\Users\Lenovo\Desktop\python3Project\school\works\scout\check\1.php is webshell
C:\Users\Lenovo\Desktop\python3Project\school\works\scout\check\laravel-10.x\app\Http\Kernel.php is normal
C:\Users\Lenovo\Desktop\python3Project\school\works\scout\check\laravel-10.x\app\Exceptions\Handler.php is normal
C:\Users\Lenovo\Desktop\python3Project\school\works\scout\check\laravel-10.x\app\Http\Controllers\Controller.php is normal
C:\Users\Lenovo\Desktop\python3Project\school\works\scout\check\laravel-10.x\app\Http\Middleware\Authenticate.php is normal
C:\Users\Lenovo\Desktop\python3Project\school\works\scout\check\laravel-10.x\app\Http\Middleware\EncryptCookies.php is normal
C:\Users\Lenovo\Desktop\python3Project\school\works\scout\check\laravel-10.x\app\Http\Middleware\PreventRequestsDuringMaintenance.php is normal
C:\Users\Lenovo\Desktop\python3Project\school\works\scout\check\laravel-10.x\app\Http\Middleware\RedirectIfAuthenticated.php is normal
C:\Users\Lenovo\Desktop\python3Project\school\works\scout\check\laravel-10.x\app\Http\Middleware\TrimStrings.php is normal
C:\Users\Lenovo\Desktop\python3Project\school\works\scout\check\laravel-10.x\app\Http\Middleware\TrustHosts.php is normal
C:\Users\Lenovo\Desktop\python3Project\school\works\scout\check\laravel-10.x\app\Http\Middleware\TrustProxies.php is normal
C:\Users\Lenovo\Desktop\python3Project\school\works\scout\check\laravel-10.x\app\Http\Middleware\ValidateSignature.php is normal
C:\Users\Lenovo\Desktop\python3Project\school\works\scout\check\laravel-10.x\app\Http\Middleware\VerifyCsrfToken.php is normal
C:\Users\Lenovo\Desktop\python3Project\school\works\scout\check\laravel-10.x\app\Models\User.php is normal
C:\Users\Lenovo\Desktop\python3Project\school\works\scout\check\laravel-10.x\app\Providers\AppServiceProvider.php is normal
C:\Users\Lenovo\Desktop\python3Project\school\works\scout\check\laravel-10.x\app\Providers\AuthServiceProvider.php is normal
C:\Users\Lenovo\Desktop\python3Project\school\works\scout\check\laravel-10.x\app\Providers\BroadcastServiceProvider.php is normal
C:\Users\Lenovo\Desktop\python3Project\school\works\scout\check\laravel-10.x\app\Providers\EventServiceProvider.php is normal
C:\Users\Lenovo\Desktop\python3Project\school\works\scout\check\laravel-10.x\config\app.php is normal
C:\Users\Lenovo\Desktop\python3Project\school\works\scout\check\laravel-10.x\config\auth.php is normal
C:\Users\Lenovo\Desktop\python3Project\school\works\scout\check\laravel-10.x\config\broadcasting.php is normal
C:\Users\Lenovo\Desktop\python3Project\school\works\scout\check\laravel-10.x\config\cache.php is normal
C:\Users\Lenovo\Desktop\python3Project\school\works\scout\check\laravel-10.x\config\cors.php is normal
C:\Users\Lenovo\Desktop\python3Project\school\works\scout\check\laravel-10.x\config\database.php is normal
C:\Users\Lenovo\Desktop\python3Project\school\works\scout\check\laravel-10.x\config\filesystems.php is normal
C:\Users\Lenovo\Desktop\python3Project\school\works\scout\check\laravel-10.x\config\hashing.php is normal
C:\Users\Lenovo\Desktop\python3Project\school\works\scout\check\laravel-10.x\config\logging.php is normal
C:\Users\Lenovo\Desktop\python3Project\school\works\scout\check\laravel-10.x\config\mail.php is normal
C:\Users\Lenovo\Desktop\python3Project\school\works\scout\check\laravel-10.x\config\queue.php is normal
C:\Users\Lenovo\Desktop\python3Project\school\works\scout\check\laravel-10.x\config\sanctum.php is normal
C:\Users\Lenovo\Desktop\python3Project\school\works\scout\check\laravel-10.x\config\services.php is normal
C:\Users\Lenovo\Desktop\python3Project\school\works\scout\check\laravel-10.x\config\session.php is normal
C:\Users\Lenovo\Desktop\python3Project\school\works\scout\check\laravel-10.x\config\view.php is normal
C:\Users\Lenovo\Desktop\python3Project\school\works\scout\check\laravel-10.x\database\migrations\2014_10_12_000000_create_users_table.php is normal
C:\Users\Lenovo\Desktop\python3Project\school\works\scout\check\laravel-10.x\database\migrations\2014_10_12_100000_create_password_reset_tokens_table.php is normal
C:\Users\Lenovo\Desktop\python3Project\school\works\scout\check\laravel-10.x\database\migrations\2019_08_19_000000_create_failed_jobs_table.php is normal
C:\Users\Lenovo\Desktop\python3Project\school\works\scout\check\laravel-10.x\database\migrations\2019_12_14_000001_create_personal_access_tokens_table.php is normal
C:\Users\Lenovo\Desktop\python3Project\school\works\scout\check\laravel-10.x\database\seeders\DatabaseSeeder.php is normal
C:\Users\Lenovo\Desktop\python3Project\school\works\scout\check\laravel-10.x\public\index.php is normal
C:\Users\Lenovo\Desktop\python3Project\school\works\scout\check\laravel-10.x\resources\views\welcome.blade.php is webshell
C:\Users\Lenovo\Desktop\python3Project\school\works\scout\check\laravel-10.x\routes\api.php is normal
C:\Users\Lenovo\Desktop\python3Project\school\works\scout\check\laravel-10.x\routes\channels.php is normal
C:\Users\Lenovo\Desktop\python3Project\school\works\scout\check\laravel-10.x\routes\console.php is normal
C:\Users\Lenovo\Desktop\python3Project\school\works\scout\check\laravel-10.x\routes\web.php is normal
C:\Users\Lenovo\Desktop\python3Project\school\works\scout\check\laravel-10.x\tests\CreatesApplication.php is normal
C:\Users\Lenovo\Desktop\python3Project\school\works\scout\check\laravel-10.x\tests\TestCase.php is normal
C:\Users\Lenovo\Desktop\python3Project\school\works\scout\check\laravel-10.x\tests\Unit\ExampleTest.php is normal
C:\Users\Lenovo\Desktop\python3Project\school\works\scout\check\PHP-Webshells-Collection-master\accept_language.php is webshell
C:\Users\Lenovo\Desktop\python3Project\school\works\scout\check\PHP-Webshells-Collection-master\anonexploitershell.php is webshell
C:\Users\Lenovo\Desktop\python3Project\school\works\scout\check\PHP-Webshells-Collection-master\Antichat Shell.php is webshell
C:\Users\Lenovo\Desktop\python3Project\school\works\scout\check\PHP-Webshells-Collection-master\Antichat_Shell_v1.3.php is webshell
C:\Users\Lenovo\Desktop\python3Project\school\works\scout\check\PHP-Webshells-Collection-master\autoroot.php is webshell
C:\Users\Lenovo\Desktop\python3Project\school\works\scout\check\PHP-Webshells-Collection-master\Ayyildiz Tim Shell (Private Shell 2017).php is webshell
C:\Users\Lenovo\Desktop\python3Project\school\works\scout\check\PHP-Webshells-Collection-master\b374k-mini-shell-php.php is webshell
C:\Users\Lenovo\Desktop\python3Project\school\works\scout\check\PHP-Webshells-Collection-master\b374kv2.1.php is webshell
C:\Users\Lenovo\Desktop\python3Project\school\works\scout\check\PHP-Webshells-Collection-master\b374v2.8-b374k.php is webshell
C:\Users\Lenovo\Desktop\python3Project\school\works\scout\check\PHP-Webshells-Collection-master\backupsql.php is webshell
C:\Users\Lenovo\Desktop\python3Project\school\works\scout\check\PHP-Webshells-Collection-master\bayz21-priv-shell-v1.php is webshell
C:\Users\Lenovo\Desktop\python3Project\school\works\scout\check\PHP-Webshells-Collection-master\bayz21-priv-shell-v2.php is webshell
C:\Users\Lenovo\Desktop\python3Project\school\works\scout\check\PHP-Webshells-Collection-master\bayz21-priv-shell-v3.php is webshell
C:\Users\Lenovo\Desktop\python3Project\school\works\scout\check\PHP-Webshells-Collection-master\berandal-owlsquad.php is webshell
C:\Users\Lenovo\Desktop\python3Project\school\works\scout\check\PHP-Webshells-Collection-master\bypass403.php is webshell
C:\Users\Lenovo\Desktop\python3Project\school\works\scout\check\PHP-Webshells-Collection-master\bypass529.php is webshell
C:\Users\Lenovo\Desktop\python3Project\school\works\scout\check\PHP-Webshells-Collection-master\c0derz shell [csh] v. 0.1.1 release.php is webshell
C:\Users\Lenovo\Desktop\python3Project\school\works\scout\check\PHP-Webshells-Collection-master\C99madShell v. 2.0 madnet edition.php is webshell
C:\Users\Lenovo\Desktop\python3Project\school\works\scout\check\PHP-Webshells-Collection-master\c99_locus7s.php is webshell
C:\Users\Lenovo\Desktop\python3Project\school\works\scout\check\PHP-Webshells-Collection-master\c99_madnet.php is webshell
C:\Users\Lenovo\Desktop\python3Project\school\works\scout\check\PHP-Webshells-Collection-master\Con7ext-Shell-V.2-l o l.php is webshell
C:\Users\Lenovo\Desktop\python3Project\school\works\scout\check\PHP-Webshells-Collection-master\cpanel.php is webshell
C:\Users\Lenovo\Desktop\python3Project\school\works\scout\check\PHP-Webshells-Collection-master\dC3 Security Crew Shell PRiV.php is webshell
C:\Users\Lenovo\Desktop\python3Project\school\works\scout\check\PHP-Webshells-Collection-master\Dive Shell 1.0 - Emperor Hacking Team.php is webshell
C:\Users\Lenovo\Desktop\python3Project\school\works\scout\check\PHP-Webshells-Collection-master\DTool Pro.php is webshell
C:\Users\Lenovo\Desktop\python3Project\school\works\scout\check\PHP-Webshells-Collection-master\Engineers Security (Private PHP Shell 2017).php is webshell
C:\Users\Lenovo\Desktop\python3Project\school\works\scout\check\PHP-Webshells-Collection-master\ftpsearch.php is webshell
C:\Users\Lenovo\Desktop\python3Project\school\works\scout\check\PHP-Webshells-Collection-master\G-Security-Webshell.php is webshell
C:\Users\Lenovo\Desktop\python3Project\school\works\scout\check\PHP-Webshells-Collection-master\g00nshell-v1.3.php is webshell
C:\Users\Lenovo\Desktop\python3Project\school\works\scout\check\PHP-Webshells-Collection-master\Gamma Web Shell.php is webshell
C:\Users\Lenovo\Desktop\python3Project\school\works\scout\check\PHP-Webshells-Collection-master\GRP WebShell 2.0 release build 2018 (C)2006,Great.php is webshell
C:\Users\Lenovo\Desktop\python3Project\school\works\scout\check\PHP-Webshells-Collection-master\h4ntu shell [powered by tsoi].php is webshell
C:\Users\Lenovo\Desktop\python3Project\school\works\scout\check\PHP-Webshells-Collection-master\hector-uploader.php is webshell
C:\Users\Lenovo\Desktop\python3Project\school\works\scout\check\PHP-Webshells-Collection-master\hiddens shell v1.php is webshell
C:\Users\Lenovo\Desktop\python3Project\school\works\scout\check\PHP-Webshells-Collection-master\indoxploit-mass-defacer.php is webshell
C:\Users\Lenovo\Desktop\python3Project\school\works\scout\check\PHP-Webshells-Collection-master\IndoXploit.php is webshell
C:\Users\Lenovo\Desktop\python3Project\school\works\scout\check\PHP-Webshells-Collection-master\ironshell.php is webshell
C:\Users\Lenovo\Desktop\python3Project\school\works\scout\check\PHP-Webshells-Collection-master\jav-shellv1.1-maqlo.php is webshell
C:\Users\Lenovo\Desktop\python3Project\school\works\scout\check\PHP-Webshells-Collection-master\jca.php is webshell
C:\Users\Lenovo\Desktop\python3Project\school\works\scout\check\PHP-Webshells-Collection-master\k2ll33d.php is webshell
C:\Users\Lenovo\Desktop\python3Project\school\works\scout\check\PHP-Webshells-Collection-master\kuda-encoded.php is webshell
C:\Users\Lenovo\Desktop\python3Project\school\works\scout\check\PHP-Webshells-Collection-master\lamashell.php is webshell
C:\Users\Lenovo\Desktop\python3Project\school\works\scout\check\PHP-Webshells-Collection-master\lifkaS.php is webshell
C:\Users\Lenovo\Desktop\python3Project\school\works\scout\check\PHP-Webshells-Collection-master\lolipop-encoded.php is webshell
C:\Users\Lenovo\Desktop\python3Project\school\works\scout\check\PHP-Webshells-Collection-master\lostDC-encoded.php is webshell
C:\Users\Lenovo\Desktop\python3Project\school\works\scout\check\PHP-Webshells-Collection-master\MackersPrivatePHPShell-encoded.php is webshell
C:\Users\Lenovo\Desktop\python3Project\school\works\scout\check\PHP-Webshells-Collection-master\matamu-encoded.php is webshell
C:\Users\Lenovo\Desktop\python3Project\school\works\scout\check\PHP-Webshells-Collection-master\megabor-encoded.php is normal
C:\Users\Lenovo\Desktop\python3Project\school\works\scout\check\PHP-Webshells-Collection-master\MoroccanSpamersMa-EditioNByGhOsT-encoded.php is normal
C:\Users\Lenovo\Desktop\python3Project\school\works\scout\check\PHP-Webshells-Collection-master\myshell-encoded.php is webshell
C:\Users\Lenovo\Desktop\python3Project\school\works\scout\check\PHP-Webshells-Collection-master\Mysql interface v1.0.php is webshell
C:\Users\Lenovo\Desktop\python3Project\school\works\scout\check\PHP-Webshells-Collection-master\MySQL Web Interface Version 0.8.php is webshell
C:\Users\Lenovo\Desktop\python3Project\school\works\scout\check\PHP-Webshells-Collection-master\NCC-Shell-encoded.php is webshell
C:\Users\Lenovo\Desktop\python3Project\school\works\scout\check\PHP-Webshells-Collection-master\NGH-encoded.php is webshell
C:\Users\Lenovo\Desktop\python3Project\school\works\scout\check\PHP-Webshells-Collection-master\nobody-uploader.php is webshell
C:\Users\Lenovo\Desktop\python3Project\school\works\scout\check\PHP-Webshells-Collection-master\Non-alphanumeric.php is webshell
C:\Users\Lenovo\Desktop\python3Project\school\works\scout\check\PHP-Webshells-Collection-master\nshell-encoded.php is webshell
C:\Users\Lenovo\Desktop\python3Project\school\works\scout\check\PHP-Webshells-Collection-master\PHANTASMA-encoded.php is webshell
C:\Users\Lenovo\Desktop\python3Project\school\works\scout\check\PHP-Webshells-Collection-master\php-backdoor-encoded.php is normal
C:\Users\Lenovo\Desktop\python3Project\school\works\scout\check\PHP-Webshells-Collection-master\php-include-w-shell.php is webshell
C:\Users\Lenovo\Desktop\python3Project\school\works\scout\check\PHP-Webshells-Collection-master\php-reverse-shell.php is webshell
C:\Users\Lenovo\Desktop\python3Project\school\works\scout\check\PHP-Webshells-Collection-master\pHpINJ-encoded.php is webshell
C:\Users\Lenovo\Desktop\python3Project\school\works\scout\check\PHP-Webshells-Collection-master\PHPShell-encoded.php is webshell
C:\Users\Lenovo\Desktop\python3Project\school\works\scout\check\PHP-Webshells-Collection-master\PHVayv-encoded.php is normal
C:\Users\Lenovo\Desktop\python3Project\school\works\scout\check\PHP-Webshells-Collection-master\Predator-encoded.php is webshell
C:\Users\Lenovo\Desktop\python3Project\school\works\scout\check\PHP-Webshells-Collection-master\pws.php is webshell
C:\Users\Lenovo\Desktop\python3Project\school\works\scout\check\PHP-Webshells-Collection-master\qsd-php-backdoor.php is webshell
C:\Users\Lenovo\Desktop\python3Project\school\works\scout\check\PHP-Webshells-Collection-master\rootshell.php is webshell
C:\Users\Lenovo\Desktop\python3Project\school\works\scout\check\PHP-Webshells-Collection-master\Rootshell.v.1.0-encoded.php is webshell
C:\Users\Lenovo\Desktop\python3Project\school\works\scout\check\PHP-Webshells-Collection-master\ru24_post_sh.php is webshell
C:\Users\Lenovo\Desktop\python3Project\school\works\scout\check\PHP-Webshells-Collection-master\s72 Shell v1.1 Coding.php is webshell
C:\Users\Lenovo\Desktop\python3Project\school\works\scout\check\PHP-Webshells-Collection-master\safe0ver.php is webshell
C:\Users\Lenovo\Desktop\python3Project\school\works\scout\check\PHP-Webshells-Collection-master\Safe0verShell-SafeModBypassByEvilc0der-encoded.php is webshell
C:\Users\Lenovo\Desktop\python3Project\school\works\scout\check\PHP-Webshells-Collection-master\Safe_ModeBypassPHP4.4.2andPHP5.1.2-encoded.php is webshell
C:\Users\Lenovo\Desktop\python3Project\school\works\scout\check\PHP-Webshells-Collection-master\securityghost-priv-Zero5.php is webshell
C:\Users\Lenovo\Desktop\python3Project\school\works\scout\check\PHP-Webshells-Collection-master\SHOR7CUTShellBETAKILLERencoded.php is webshell
C:\Users\Lenovo\Desktop\python3Project\school\works\scout\check\PHP-Webshells-Collection-master\SimAttacker-Version1.0.0-encoded.php is normal
C:\Users\Lenovo\Desktop\python3Project\school\works\scout\check\PHP-Webshells-Collection-master\simattacker.php is webshell
C:\Users\Lenovo\Desktop\python3Project\school\works\scout\check\PHP-Webshells-Collection-master\simple-php-backdoor.php is webshell
C:\Users\Lenovo\Desktop\python3Project\school\works\scout\check\PHP-Webshells-Collection-master\simple-upload.php is webshell
C:\Users\Lenovo\Desktop\python3Project\school\works\scout\check\PHP-Webshells-Collection-master\simple-uploadv2.php is webshell
C:\Users\Lenovo\Desktop\python3Project\school\works\scout\check\PHP-Webshells-Collection-master\Simple_PHP_backdoor_by_DK-encoded.php is webshell
C:\Users\Lenovo\Desktop\python3Project\school\works\scout\check\PHP-Webshells-Collection-master\SimShell1.0-SimorghSecurityMGZ-encoded.php is webshell
C:\Users\Lenovo\Desktop\python3Project\school\works\scout\check\PHP-Webshells-Collection-master\Sincap1.0-encoded.php is normal
C:\Users\Lenovo\Desktop\python3Project\school\works\scout\check\PHP-Webshells-Collection-master\small.php is webshell
C:\Users\Lenovo\Desktop\python3Project\school\works\scout\check\PHP-Webshells-Collection-master\SmallWebShellbyZaCo-encoded.php is normal
C:\Users\Lenovo\Desktop\python3Project\school\works\scout\check\PHP-Webshells-Collection-master\sym.php is webshell
C:\Users\Lenovo\Desktop\python3Project\school\works\scout\check\PHP-Webshells-Collection-master\WHO AM I - MZRP105 (Private PHP Shell).php is webshell
C:\Users\Lenovo\Desktop\python3Project\school\works\scout\check\PHP-Webshells-Collection-master\Wordpress Mass Defacer (FUD 2017).php is webshell
C:\Users\Lenovo\Desktop\python3Project\school\works\scout\check\PHP-Webshells-Collection-master\wso-latest.php is webshell
C:\Users\Lenovo\Desktop\python3Project\school\works\scout\check\PHP-Webshells-Collection-master\wso2.7.php is webshell
C:\Users\Lenovo\Desktop\python3Project\school\works\scout\check\PHP-Webshells-Collection-master\wso2.8.php is webshell
139
