run_getStaticFeature error!
1-(101).php error!
run_getStaticFeature error!
1-(55).php error!
run_getStaticFeature error!
1-(58).php error!
run_getStaticFeature error!
1-(77).php error!
run_getStaticFeature error!
1-(86).php error!
run_getStaticFeature error!
20-(11).php error!
run_getStaticFeature error!
20-(68).php error!
get_opcodes error!
3-(215).php error!
get_opcodes error!
3-(226).php error!
get_opcodes error!
3-(263).php error!
get_opcodes error!
3-(274).php error!
run_getStaticFeature error!
3-(340).php error!
run_getStaticFeature error!
3-(342).php error!
run_getStaticFeature error!
3-(350).php error!
run_getStaticFeature error!
38-(10).php error!
run_getStaticFeature error!
39-(1).php error!
run_getStaticFeature error!
40-(2).php error!
run_getStaticFeature error!
40-(3).php error!
run_getStaticFeature error!
40-(5).php error!
run_getStaticFeature error!
41-(1).php error!
run_getStaticFeature error!
41-(3).php error!
run_getStaticFeature error!
41-(7).php error!
run_getStaticFeature error!
41-(8).php error!
run_getStaticFeature error!
42-(4).php error!
run_getStaticFeature error!
42-(7).php error!
run_getStaticFeature error!
43-(3).php error!
get_opcodes error!
44-(4).php error!
run_getStaticFeature error!
44-(5).php error!
run_getStaticFeature error!
5-(10).php error!
run_getStaticFeature error!
5-(18).php error!
run_getStaticFeature error!
5-(8).php error!
run_getStaticFeature error!
53-(3).php error!
run_getStaticFeature error!
53-(31).php error!
run_getStaticFeature error!
53-(34).php error!
run_getStaticFeature error!
60-(108).php error!
run_getStaticFeature error!
60-(125).php error!
run_getStaticFeature error!
60-(136).php error!
run_getStaticFeature error!
60-(166).php error!
run_getStaticFeature error!
60-(67).php error!
run_getStaticFeature error!
60-(78).php error!
run_getStaticFeature error!
70-(10).php error!
run_getStaticFeature error!
70-(14).php error!
run_getStaticFeature error!
70-(17).php error!
run_getStaticFeature error!
80-(1).php error!
get_opcodes error!
80-(16).php error!
get_opcodes error!
90-(12).php error!
run_getStaticFeature error!
90-(26).php error!
[1 1 1 1 1 1 1 1 1 1 1 1 1 1 1 1 1 1 1 1 1 1 1 1 1 1 1 1 1 1 1 1 1 1 1 0 1
 1 1 1 1 0 1 1 1 1 1 1 1 1 1 1 1 1 1 1 1 1 1 1 1 1 1 1 1 1 1 1 1 1 1 1 1 1
 1 1 1 1 1 1 1 1 1 1 0 1 1 0 1 1 1 1 1 1 1 1 1 1 1 1 1 1 1 1 1 0 1 1 1 1 1
 1 1 1 1 1 1 1 1 1 1 1 1 1 1 1 1 1 1 1 1 1 1 1 1 1 1 1 1 1 1 1 1 1 1 0 1 1
 1 1 1 1 1 1 1 1 1 1 1 1 1 1 1 1 1 1 1 1 1 1 1 1 1 1 1 1 1 1 1 1 1 1 1 1 1
 1 1 1 1 1 1 1 1 1 1 1 1 1 1 1 1 1 1 1 1 1 1 1 1 1 1 1 1 1 1 1 1 1 1 1 1 1
 1 1 1 1 1 1 1 1 1 1 1 1 1 1 1 1 1 1 1 1 1 1 1 1 1 1 1 1 1 1 1]
C:\Users\Lenovo\Desktop\python3Project\school\works\scout\webshell-test-samples\1-(1).php is webshell
C:\Users\Lenovo\Desktop\python3Project\school\works\scout\webshell-test-samples\1-(100).php is webshell
C:\Users\Lenovo\Desktop\python3Project\school\works\scout\webshell-test-samples\1-(103).php is webshell
C:\Users\Lenovo\Desktop\python3Project\school\works\scout\webshell-test-samples\1-(104).php is webshell
C:\Users\Lenovo\Desktop\python3Project\school\works\scout\webshell-test-samples\1-(105).php is webshell
C:\Users\Lenovo\Desktop\python3Project\school\works\scout\webshell-test-samples\1-(106).php is webshell
C:\Users\Lenovo\Desktop\python3Project\school\works\scout\webshell-test-samples\1-(107).php is webshell
C:\Users\Lenovo\Desktop\python3Project\school\works\scout\webshell-test-samples\1-(108).php is webshell
C:\Users\Lenovo\Desktop\python3Project\school\works\scout\webshell-test-samples\1-(109).php is webshell
C:\Users\Lenovo\Desktop\python3Project\school\works\scout\webshell-test-samples\1-(110).php is webshell
C:\Users\Lenovo\Desktop\python3Project\school\works\scout\webshell-test-samples\1-(111).php is webshell
C:\Users\Lenovo\Desktop\python3Project\school\works\scout\webshell-test-samples\1-(112).php is webshell
C:\Users\Lenovo\Desktop\python3Project\school\works\scout\webshell-test-samples\1-(113).php is webshell
C:\Users\Lenovo\Desktop\python3Project\school\works\scout\webshell-test-samples\1-(114).php is webshell
C:\Users\Lenovo\Desktop\python3Project\school\works\scout\webshell-test-samples\1-(115).php is webshell
C:\Users\Lenovo\Desktop\python3Project\school\works\scout\webshell-test-samples\1-(116).php is webshell
C:\Users\Lenovo\Desktop\python3Project\school\works\scout\webshell-test-samples\1-(117).php is webshell
C:\Users\Lenovo\Desktop\python3Project\school\works\scout\webshell-test-samples\1-(118).php is webshell
C:\Users\Lenovo\Desktop\python3Project\school\works\scout\webshell-test-samples\1-(119).php is webshell
C:\Users\Lenovo\Desktop\python3Project\school\works\scout\webshell-test-samples\1-(12).php is webshell
C:\Users\Lenovo\Desktop\python3Project\school\works\scout\webshell-test-samples\1-(120).php is webshell
C:\Users\Lenovo\Desktop\python3Project\school\works\scout\webshell-test-samples\1-(123).php is webshell
C:\Users\Lenovo\Desktop\python3Project\school\works\scout\webshell-test-samples\1-(128).php is webshell
C:\Users\Lenovo\Desktop\python3Project\school\works\scout\webshell-test-samples\1-(129).php is webshell
C:\Users\Lenovo\Desktop\python3Project\school\works\scout\webshell-test-samples\1-(13).php is webshell
C:\Users\Lenovo\Desktop\python3Project\school\works\scout\webshell-test-samples\1-(17).php is webshell
C:\Users\Lenovo\Desktop\python3Project\school\works\scout\webshell-test-samples\1-(18).php is webshell
C:\Users\Lenovo\Desktop\python3Project\school\works\scout\webshell-test-samples\1-(23).php is webshell
C:\Users\Lenovo\Desktop\python3Project\school\works\scout\webshell-test-samples\1-(30).php is webshell
C:\Users\Lenovo\Desktop\python3Project\school\works\scout\webshell-test-samples\1-(31).php is webshell
C:\Users\Lenovo\Desktop\python3Project\school\works\scout\webshell-test-samples\1-(33).php is webshell
C:\Users\Lenovo\Desktop\python3Project\school\works\scout\webshell-test-samples\1-(34).php is webshell
C:\Users\Lenovo\Desktop\python3Project\school\works\scout\webshell-test-samples\1-(36).php is webshell
C:\Users\Lenovo\Desktop\python3Project\school\works\scout\webshell-test-samples\1-(39).php is webshell
C:\Users\Lenovo\Desktop\python3Project\school\works\scout\webshell-test-samples\1-(4).php is webshell
C:\Users\Lenovo\Desktop\python3Project\school\works\scout\webshell-test-samples\1-(40).php is normal
C:\Users\Lenovo\Desktop\python3Project\school\works\scout\webshell-test-samples\1-(48).php is webshell
C:\Users\Lenovo\Desktop\python3Project\school\works\scout\webshell-test-samples\1-(50).php is webshell
C:\Users\Lenovo\Desktop\python3Project\school\works\scout\webshell-test-samples\1-(52).php is webshell
C:\Users\Lenovo\Desktop\python3Project\school\works\scout\webshell-test-samples\1-(56).php is webshell
C:\Users\Lenovo\Desktop\python3Project\school\works\scout\webshell-test-samples\1-(57).php is webshell
C:\Users\Lenovo\Desktop\python3Project\school\works\scout\webshell-test-samples\1-(6).php is normal
C:\Users\Lenovo\Desktop\python3Project\school\works\scout\webshell-test-samples\1-(60).php is webshell
C:\Users\Lenovo\Desktop\python3Project\school\works\scout\webshell-test-samples\1-(64).php is webshell
C:\Users\Lenovo\Desktop\python3Project\school\works\scout\webshell-test-samples\1-(65).php is webshell
C:\Users\Lenovo\Desktop\python3Project\school\works\scout\webshell-test-samples\1-(66).php is webshell
C:\Users\Lenovo\Desktop\python3Project\school\works\scout\webshell-test-samples\1-(67).php is webshell
C:\Users\Lenovo\Desktop\python3Project\school\works\scout\webshell-test-samples\1-(68).php is webshell
C:\Users\Lenovo\Desktop\python3Project\school\works\scout\webshell-test-samples\1-(69).php is webshell
C:\Users\Lenovo\Desktop\python3Project\school\works\scout\webshell-test-samples\1-(7).php is webshell
C:\Users\Lenovo\Desktop\python3Project\school\works\scout\webshell-test-samples\1-(71).php is webshell
C:\Users\Lenovo\Desktop\python3Project\school\works\scout\webshell-test-samples\1-(73).php is webshell
C:\Users\Lenovo\Desktop\python3Project\school\works\scout\webshell-test-samples\1-(74).php is webshell
C:\Users\Lenovo\Desktop\python3Project\school\works\scout\webshell-test-samples\1-(76).php is webshell
C:\Users\Lenovo\Desktop\python3Project\school\works\scout\webshell-test-samples\1-(79).php is webshell
C:\Users\Lenovo\Desktop\python3Project\school\works\scout\webshell-test-samples\1-(83).php is webshell
C:\Users\Lenovo\Desktop\python3Project\school\works\scout\webshell-test-samples\1-(85).php is webshell
C:\Users\Lenovo\Desktop\python3Project\school\works\scout\webshell-test-samples\1-(87).php is webshell
C:\Users\Lenovo\Desktop\python3Project\school\works\scout\webshell-test-samples\1-(90).php is webshell
C:\Users\Lenovo\Desktop\python3Project\school\works\scout\webshell-test-samples\1-(91).php is webshell
C:\Users\Lenovo\Desktop\python3Project\school\works\scout\webshell-test-samples\1-(92).php is webshell
C:\Users\Lenovo\Desktop\python3Project\school\works\scout\webshell-test-samples\1-(93).php is webshell
C:\Users\Lenovo\Desktop\python3Project\school\works\scout\webshell-test-samples\1-(94).php is webshell
C:\Users\Lenovo\Desktop\python3Project\school\works\scout\webshell-test-samples\1-(95).php is webshell
C:\Users\Lenovo\Desktop\python3Project\school\works\scout\webshell-test-samples\1-(96).php is webshell
C:\Users\Lenovo\Desktop\python3Project\school\works\scout\webshell-test-samples\1-(97).php is webshell
C:\Users\Lenovo\Desktop\python3Project\school\works\scout\webshell-test-samples\1-(98).php is webshell
C:\Users\Lenovo\Desktop\python3Project\school\works\scout\webshell-test-samples\1-(99).php is webshell
C:\Users\Lenovo\Desktop\python3Project\school\works\scout\webshell-test-samples\2-(87).php is webshell
C:\Users\Lenovo\Desktop\python3Project\school\works\scout\webshell-test-samples\20-(21).php is webshell
C:\Users\Lenovo\Desktop\python3Project\school\works\scout\webshell-test-samples\20-(24).php is webshell
C:\Users\Lenovo\Desktop\python3Project\school\works\scout\webshell-test-samples\20-(27).php is webshell
C:\Users\Lenovo\Desktop\python3Project\school\works\scout\webshell-test-samples\20-(3).php is webshell
C:\Users\Lenovo\Desktop\python3Project\school\works\scout\webshell-test-samples\20-(30).php is webshell
C:\Users\Lenovo\Desktop\python3Project\school\works\scout\webshell-test-samples\20-(31).php is webshell
C:\Users\Lenovo\Desktop\python3Project\school\works\scout\webshell-test-samples\20-(32).php is webshell
C:\Users\Lenovo\Desktop\python3Project\school\works\scout\webshell-test-samples\20-(33).php is webshell
C:\Users\Lenovo\Desktop\python3Project\school\works\scout\webshell-test-samples\20-(37).php is webshell
C:\Users\Lenovo\Desktop\python3Project\school\works\scout\webshell-test-samples\20-(41).php is webshell
C:\Users\Lenovo\Desktop\python3Project\school\works\scout\webshell-test-samples\20-(44).php is webshell
C:\Users\Lenovo\Desktop\python3Project\school\works\scout\webshell-test-samples\20-(47).php is webshell
C:\Users\Lenovo\Desktop\python3Project\school\works\scout\webshell-test-samples\20-(58).php is webshell
C:\Users\Lenovo\Desktop\python3Project\school\works\scout\webshell-test-samples\20-(65).php is webshell
C:\Users\Lenovo\Desktop\python3Project\school\works\scout\webshell-test-samples\20-(66).php is webshell
C:\Users\Lenovo\Desktop\python3Project\school\works\scout\webshell-test-samples\20-(7).php is normal
C:\Users\Lenovo\Desktop\python3Project\school\works\scout\webshell-test-samples\20-(71).php is webshell
C:\Users\Lenovo\Desktop\python3Project\school\works\scout\webshell-test-samples\20-(74).php is webshell
C:\Users\Lenovo\Desktop\python3Project\school\works\scout\webshell-test-samples\20-(8).php is normal
C:\Users\Lenovo\Desktop\python3Project\school\works\scout\webshell-test-samples\3-(147).php is webshell
C:\Users\Lenovo\Desktop\python3Project\school\works\scout\webshell-test-samples\3-(212).php is webshell
C:\Users\Lenovo\Desktop\python3Project\school\works\scout\webshell-test-samples\3-(218).php is webshell
C:\Users\Lenovo\Desktop\python3Project\school\works\scout\webshell-test-samples\3-(227).php is webshell
C:\Users\Lenovo\Desktop\python3Project\school\works\scout\webshell-test-samples\3-(243).php is webshell
C:\Users\Lenovo\Desktop\python3Project\school\works\scout\webshell-test-samples\3-(248).php is webshell
C:\Users\Lenovo\Desktop\python3Project\school\works\scout\webshell-test-samples\3-(256).php is webshell
C:\Users\Lenovo\Desktop\python3Project\school\works\scout\webshell-test-samples\3-(260).php is webshell
C:\Users\Lenovo\Desktop\python3Project\school\works\scout\webshell-test-samples\3-(266).php is webshell
C:\Users\Lenovo\Desktop\python3Project\school\works\scout\webshell-test-samples\3-(275).php is webshell
C:\Users\Lenovo\Desktop\python3Project\school\works\scout\webshell-test-samples\3-(290).php is webshell
C:\Users\Lenovo\Desktop\python3Project\school\works\scout\webshell-test-samples\3-(295).php is webshell
C:\Users\Lenovo\Desktop\python3Project\school\works\scout\webshell-test-samples\3-(312).php is webshell
C:\Users\Lenovo\Desktop\python3Project\school\works\scout\webshell-test-samples\3-(320).php is webshell
C:\Users\Lenovo\Desktop\python3Project\school\works\scout\webshell-test-samples\3-(323).php is webshell
C:\Users\Lenovo\Desktop\python3Project\school\works\scout\webshell-test-samples\3-(345).php is webshell
C:\Users\Lenovo\Desktop\python3Project\school\works\scout\webshell-test-samples\3-(346).php is webshell
C:\Users\Lenovo\Desktop\python3Project\school\works\scout\webshell-test-samples\3-(357).php is normal
C:\Users\Lenovo\Desktop\python3Project\school\works\scout\webshell-test-samples\3-(361).php is webshell
C:\Users\Lenovo\Desktop\python3Project\school\works\scout\webshell-test-samples\3-(368).php is webshell
C:\Users\Lenovo\Desktop\python3Project\school\works\scout\webshell-test-samples\4-(11).php is webshell
C:\Users\Lenovo\Desktop\python3Project\school\works\scout\webshell-test-samples\4-(19).php is webshell
C:\Users\Lenovo\Desktop\python3Project\school\works\scout\webshell-test-samples\4-(22).php is webshell
C:\Users\Lenovo\Desktop\python3Project\school\works\scout\webshell-test-samples\40-(1).php is webshell
C:\Users\Lenovo\Desktop\python3Project\school\works\scout\webshell-test-samples\41-(5).php is webshell
C:\Users\Lenovo\Desktop\python3Project\school\works\scout\webshell-test-samples\41-(9).php is webshell
C:\Users\Lenovo\Desktop\python3Project\school\works\scout\webshell-test-samples\42-(1).php is webshell
C:\Users\Lenovo\Desktop\python3Project\school\works\scout\webshell-test-samples\42-(3).php is webshell
C:\Users\Lenovo\Desktop\python3Project\school\works\scout\webshell-test-samples\42-(5).php is webshell
C:\Users\Lenovo\Desktop\python3Project\school\works\scout\webshell-test-samples\42-(6).php is webshell
C:\Users\Lenovo\Desktop\python3Project\school\works\scout\webshell-test-samples\43-(1).php is webshell
C:\Users\Lenovo\Desktop\python3Project\school\works\scout\webshell-test-samples\43-(2).php is webshell
C:\Users\Lenovo\Desktop\python3Project\school\works\scout\webshell-test-samples\43-(4).php is webshell
C:\Users\Lenovo\Desktop\python3Project\school\works\scout\webshell-test-samples\43-(5).php is webshell
C:\Users\Lenovo\Desktop\python3Project\school\works\scout\webshell-test-samples\43-(6).php is webshell
C:\Users\Lenovo\Desktop\python3Project\school\works\scout\webshell-test-samples\43-(7).php is webshell
C:\Users\Lenovo\Desktop\python3Project\school\works\scout\webshell-test-samples\43-(8).php is webshell
C:\Users\Lenovo\Desktop\python3Project\school\works\scout\webshell-test-samples\44-(1).php is webshell
C:\Users\Lenovo\Desktop\python3Project\school\works\scout\webshell-test-samples\44-(2).php is webshell
C:\Users\Lenovo\Desktop\python3Project\school\works\scout\webshell-test-samples\44-(3).php is webshell
C:\Users\Lenovo\Desktop\python3Project\school\works\scout\webshell-test-samples\44-(6).php is webshell
C:\Users\Lenovo\Desktop\python3Project\school\works\scout\webshell-test-samples\44-(7).php is webshell
C:\Users\Lenovo\Desktop\python3Project\school\works\scout\webshell-test-samples\44-(8).php is webshell
C:\Users\Lenovo\Desktop\python3Project\school\works\scout\webshell-test-samples\5-(13).php is webshell
C:\Users\Lenovo\Desktop\python3Project\school\works\scout\webshell-test-samples\5-(14).php is webshell
C:\Users\Lenovo\Desktop\python3Project\school\works\scout\webshell-test-samples\53-(1).php is webshell
C:\Users\Lenovo\Desktop\python3Project\school\works\scout\webshell-test-samples\53-(11).php is webshell
C:\Users\Lenovo\Desktop\python3Project\school\works\scout\webshell-test-samples\53-(12).php is webshell
C:\Users\Lenovo\Desktop\python3Project\school\works\scout\webshell-test-samples\53-(19).php is webshell
C:\Users\Lenovo\Desktop\python3Project\school\works\scout\webshell-test-samples\53-(22).php is webshell
C:\Users\Lenovo\Desktop\python3Project\school\works\scout\webshell-test-samples\53-(28).php is webshell
C:\Users\Lenovo\Desktop\python3Project\school\works\scout\webshell-test-samples\53-(29).php is webshell
C:\Users\Lenovo\Desktop\python3Project\school\works\scout\webshell-test-samples\53-(32).php is webshell
C:\Users\Lenovo\Desktop\python3Project\school\works\scout\webshell-test-samples\53-(33).php is webshell
C:\Users\Lenovo\Desktop\python3Project\school\works\scout\webshell-test-samples\53-(5).php is webshell
C:\Users\Lenovo\Desktop\python3Project\school\works\scout\webshell-test-samples\53-(6).php is webshell
C:\Users\Lenovo\Desktop\python3Project\school\works\scout\webshell-test-samples\6-(17).php is webshell
C:\Users\Lenovo\Desktop\python3Project\school\works\scout\webshell-test-samples\6-(5).php is normal
C:\Users\Lenovo\Desktop\python3Project\school\works\scout\webshell-test-samples\6-(9).php is webshell
C:\Users\Lenovo\Desktop\python3Project\school\works\scout\webshell-test-samples\60-(1).php is webshell
C:\Users\Lenovo\Desktop\python3Project\school\works\scout\webshell-test-samples\60-(101).php is webshell
C:\Users\Lenovo\Desktop\python3Project\school\works\scout\webshell-test-samples\60-(102).php is webshell
C:\Users\Lenovo\Desktop\python3Project\school\works\scout\webshell-test-samples\60-(104).php is webshell
C:\Users\Lenovo\Desktop\python3Project\school\works\scout\webshell-test-samples\60-(105).php is webshell
C:\Users\Lenovo\Desktop\python3Project\school\works\scout\webshell-test-samples\60-(110).php is webshell
C:\Users\Lenovo\Desktop\python3Project\school\works\scout\webshell-test-samples\60-(111).php is webshell
C:\Users\Lenovo\Desktop\python3Project\school\works\scout\webshell-test-samples\60-(112).php is webshell
C:\Users\Lenovo\Desktop\python3Project\school\works\scout\webshell-test-samples\60-(113).php is webshell
C:\Users\Lenovo\Desktop\python3Project\school\works\scout\webshell-test-samples\60-(114).php is webshell
C:\Users\Lenovo\Desktop\python3Project\school\works\scout\webshell-test-samples\60-(116).php is webshell
C:\Users\Lenovo\Desktop\python3Project\school\works\scout\webshell-test-samples\60-(118).php is webshell
C:\Users\Lenovo\Desktop\python3Project\school\works\scout\webshell-test-samples\60-(119).php is webshell
C:\Users\Lenovo\Desktop\python3Project\school\works\scout\webshell-test-samples\60-(121).php is webshell
C:\Users\Lenovo\Desktop\python3Project\school\works\scout\webshell-test-samples\60-(127).php is webshell
C:\Users\Lenovo\Desktop\python3Project\school\works\scout\webshell-test-samples\60-(128).php is webshell
C:\Users\Lenovo\Desktop\python3Project\school\works\scout\webshell-test-samples\60-(129).php is webshell
C:\Users\Lenovo\Desktop\python3Project\school\works\scout\webshell-test-samples\60-(131).php is webshell
C:\Users\Lenovo\Desktop\python3Project\school\works\scout\webshell-test-samples\60-(137).php is webshell
C:\Users\Lenovo\Desktop\python3Project\school\works\scout\webshell-test-samples\60-(138).php is webshell
C:\Users\Lenovo\Desktop\python3Project\school\works\scout\webshell-test-samples\60-(139).php is webshell
C:\Users\Lenovo\Desktop\python3Project\school\works\scout\webshell-test-samples\60-(140).php is webshell
C:\Users\Lenovo\Desktop\python3Project\school\works\scout\webshell-test-samples\60-(143).php is webshell
C:\Users\Lenovo\Desktop\python3Project\school\works\scout\webshell-test-samples\60-(144).php is webshell
C:\Users\Lenovo\Desktop\python3Project\school\works\scout\webshell-test-samples\60-(145).php is webshell
C:\Users\Lenovo\Desktop\python3Project\school\works\scout\webshell-test-samples\60-(147).php is webshell
C:\Users\Lenovo\Desktop\python3Project\school\works\scout\webshell-test-samples\60-(148).php is webshell
C:\Users\Lenovo\Desktop\python3Project\school\works\scout\webshell-test-samples\60-(149).php is webshell
C:\Users\Lenovo\Desktop\python3Project\school\works\scout\webshell-test-samples\60-(150).php is webshell
C:\Users\Lenovo\Desktop\python3Project\school\works\scout\webshell-test-samples\60-(151).php is webshell
C:\Users\Lenovo\Desktop\python3Project\school\works\scout\webshell-test-samples\60-(152).php is webshell
C:\Users\Lenovo\Desktop\python3Project\school\works\scout\webshell-test-samples\60-(153).php is webshell
C:\Users\Lenovo\Desktop\python3Project\school\works\scout\webshell-test-samples\60-(155).php is webshell
C:\Users\Lenovo\Desktop\python3Project\school\works\scout\webshell-test-samples\60-(159).php is webshell
C:\Users\Lenovo\Desktop\python3Project\school\works\scout\webshell-test-samples\60-(160).php is webshell
C:\Users\Lenovo\Desktop\python3Project\school\works\scout\webshell-test-samples\60-(162).php is webshell
C:\Users\Lenovo\Desktop\python3Project\school\works\scout\webshell-test-samples\60-(163).php is webshell
C:\Users\Lenovo\Desktop\python3Project\school\works\scout\webshell-test-samples\60-(168).php is webshell
C:\Users\Lenovo\Desktop\python3Project\school\works\scout\webshell-test-samples\60-(169).php is webshell
C:\Users\Lenovo\Desktop\python3Project\school\works\scout\webshell-test-samples\60-(170).php is webshell
C:\Users\Lenovo\Desktop\python3Project\school\works\scout\webshell-test-samples\60-(171).php is webshell
C:\Users\Lenovo\Desktop\python3Project\school\works\scout\webshell-test-samples\60-(172).php is webshell
C:\Users\Lenovo\Desktop\python3Project\school\works\scout\webshell-test-samples\60-(174).php is webshell
C:\Users\Lenovo\Desktop\python3Project\school\works\scout\webshell-test-samples\60-(176).php is webshell
C:\Users\Lenovo\Desktop\python3Project\school\works\scout\webshell-test-samples\60-(60).php is webshell
C:\Users\Lenovo\Desktop\python3Project\school\works\scout\webshell-test-samples\60-(61).php is webshell
C:\Users\Lenovo\Desktop\python3Project\school\works\scout\webshell-test-samples\60-(63).php is webshell
C:\Users\Lenovo\Desktop\python3Project\school\works\scout\webshell-test-samples\60-(69).php is webshell
C:\Users\Lenovo\Desktop\python3Project\school\works\scout\webshell-test-samples\60-(70).php is webshell
C:\Users\Lenovo\Desktop\python3Project\school\works\scout\webshell-test-samples\60-(71).php is webshell
C:\Users\Lenovo\Desktop\python3Project\school\works\scout\webshell-test-samples\60-(74).php is webshell
C:\Users\Lenovo\Desktop\python3Project\school\works\scout\webshell-test-samples\60-(79).php is webshell
C:\Users\Lenovo\Desktop\python3Project\school\works\scout\webshell-test-samples\60-(80).php is webshell
C:\Users\Lenovo\Desktop\python3Project\school\works\scout\webshell-test-samples\60-(81).php is webshell
C:\Users\Lenovo\Desktop\python3Project\school\works\scout\webshell-test-samples\60-(82).php is webshell
C:\Users\Lenovo\Desktop\python3Project\school\works\scout\webshell-test-samples\60-(85).php is webshell
C:\Users\Lenovo\Desktop\python3Project\school\works\scout\webshell-test-samples\60-(86).php is webshell
C:\Users\Lenovo\Desktop\python3Project\school\works\scout\webshell-test-samples\60-(87).php is webshell
C:\Users\Lenovo\Desktop\python3Project\school\works\scout\webshell-test-samples\60-(89).php is webshell
C:\Users\Lenovo\Desktop\python3Project\school\works\scout\webshell-test-samples\60-(90).php is webshell
C:\Users\Lenovo\Desktop\python3Project\school\works\scout\webshell-test-samples\60-(91).php is webshell
C:\Users\Lenovo\Desktop\python3Project\school\works\scout\webshell-test-samples\60-(92).php is webshell
C:\Users\Lenovo\Desktop\python3Project\school\works\scout\webshell-test-samples\60-(93).php is webshell
C:\Users\Lenovo\Desktop\python3Project\school\works\scout\webshell-test-samples\60-(94).php is webshell
C:\Users\Lenovo\Desktop\python3Project\school\works\scout\webshell-test-samples\60-(95).php is webshell
C:\Users\Lenovo\Desktop\python3Project\school\works\scout\webshell-test-samples\60-(97).php is webshell
C:\Users\Lenovo\Desktop\python3Project\school\works\scout\webshell-test-samples\70-(11).php is webshell
C:\Users\Lenovo\Desktop\python3Project\school\works\scout\webshell-test-samples\70-(12).php is webshell
C:\Users\Lenovo\Desktop\python3Project\school\works\scout\webshell-test-samples\70-(19).php is webshell
C:\Users\Lenovo\Desktop\python3Project\school\works\scout\webshell-test-samples\70-(27).php is webshell
C:\Users\Lenovo\Desktop\python3Project\school\works\scout\webshell-test-samples\70-(30).php is webshell
C:\Users\Lenovo\Desktop\python3Project\school\works\scout\webshell-test-samples\70-(31).php is webshell
C:\Users\Lenovo\Desktop\python3Project\school\works\scout\webshell-test-samples\70-(32).php is webshell
C:\Users\Lenovo\Desktop\python3Project\school\works\scout\webshell-test-samples\70-(33).php is webshell
C:\Users\Lenovo\Desktop\python3Project\school\works\scout\webshell-test-samples\70-(34).php is webshell
C:\Users\Lenovo\Desktop\python3Project\school\works\scout\webshell-test-samples\70-(36).php is webshell
C:\Users\Lenovo\Desktop\python3Project\school\works\scout\webshell-test-samples\70-(37).php is webshell
C:\Users\Lenovo\Desktop\python3Project\school\works\scout\webshell-test-samples\70-(39).php is webshell
C:\Users\Lenovo\Desktop\python3Project\school\works\scout\webshell-test-samples\70-(6).php is webshell
C:\Users\Lenovo\Desktop\python3Project\school\works\scout\webshell-test-samples\70-(8).php is webshell
C:\Users\Lenovo\Desktop\python3Project\school\works\scout\webshell-test-samples\70-(9).php is webshell
C:\Users\Lenovo\Desktop\python3Project\school\works\scout\webshell-test-samples\80-(13).php is webshell
C:\Users\Lenovo\Desktop\python3Project\school\works\scout\webshell-test-samples\80-(18).php is webshell
C:\Users\Lenovo\Desktop\python3Project\school\works\scout\webshell-test-samples\80-(25).php is webshell
C:\Users\Lenovo\Desktop\python3Project\school\works\scout\webshell-test-samples\80-(29).php is webshell
C:\Users\Lenovo\Desktop\python3Project\school\works\scout\webshell-test-samples\80-(30).php is webshell
C:\Users\Lenovo\Desktop\python3Project\school\works\scout\webshell-test-samples\80-(31).php is webshell
C:\Users\Lenovo\Desktop\python3Project\school\works\scout\webshell-test-samples\80-(32).php is webshell
C:\Users\Lenovo\Desktop\python3Project\school\works\scout\webshell-test-samples\80-(36).php is webshell
C:\Users\Lenovo\Desktop\python3Project\school\works\scout\webshell-test-samples\80-(38).php is webshell
C:\Users\Lenovo\Desktop\python3Project\school\works\scout\webshell-test-samples\80-(39).php is webshell
C:\Users\Lenovo\Desktop\python3Project\school\works\scout\webshell-test-samples\80-(43).php is webshell
C:\Users\Lenovo\Desktop\python3Project\school\works\scout\webshell-test-samples\90-(15).php is webshell
C:\Users\Lenovo\Desktop\python3Project\school\works\scout\webshell-test-samples\90-(16).php is webshell
C:\Users\Lenovo\Desktop\python3Project\school\works\scout\webshell-test-samples\90-(18).php is webshell
C:\Users\Lenovo\Desktop\python3Project\school\works\scout\webshell-test-samples\90-(19).php is webshell
C:\Users\Lenovo\Desktop\python3Project\school\works\scout\webshell-test-samples\90-(2).php is webshell
C:\Users\Lenovo\Desktop\python3Project\school\works\scout\webshell-test-samples\90-(20).php is webshell
C:\Users\Lenovo\Desktop\python3Project\school\works\scout\webshell-test-samples\90-(21).php is webshell
C:\Users\Lenovo\Desktop\python3Project\school\works\scout\webshell-test-samples\90-(22).php is webshell
C:\Users\Lenovo\Desktop\python3Project\school\works\scout\webshell-test-samples\90-(24).php is webshell
C:\Users\Lenovo\Desktop\python3Project\school\works\scout\webshell-test-samples\90-(27).php is webshell
C:\Users\Lenovo\Desktop\python3Project\school\works\scout\webshell-test-samples\90-(28).php is webshell
C:\Users\Lenovo\Desktop\python3Project\school\works\scout\webshell-test-samples\90-(5).php is webshell
C:\Users\Lenovo\Desktop\python3Project\school\works\scout\webshell-test-samples\90-(7).php is webshell
C:\Users\Lenovo\Desktop\python3Project\school\works\scout\webshell-test-samples\not detected.php is webshell
253
