Ëæ»úÉ­ÁÖ¼ì²âÄ£¿é
check
traindata/rfc-default.pkl
run_getStaticFeature error!
1-(101).php error!
run_getStaticFeature error!
1-(55).php error!
run_getStaticFeature error!
1-(58).php error!
run_getStaticFeature error!
1-(77).php error!
run_getStaticFeature error!
1-(86).php error!
run_getStaticFeature error!
20-(11).php error!
run_getStaticFeature error!
20-(68).php error!
get_opcodes error!
3-(215).php error!
get_opcodes error!
3-(226).php error!
get_opcodes error!
3-(263).php error!
get_opcodes error!
3-(274).php error!
run_getStaticFeature error!
3-(340).php error!
run_getStaticFeature error!
3-(342).php error!
run_getStaticFeature error!
3-(350).php error!
run_getStaticFeature error!
38-(10).php error!
run_getStaticFeature error!
39-(1).php error!
run_getStaticFeature error!
40-(2).php error!
run_getStaticFeature error!
40-(3).php error!
run_getStaticFeature error!
40-(5).php error!
run_getStaticFeature error!
41-(1).php error!
run_getStaticFeature error!
41-(3).php error!
run_getStaticFeature error!
41-(7).php error!
run_getStaticFeature error!
41-(8).php error!
run_getStaticFeature error!
42-(4).php error!
run_getStaticFeature error!
42-(7).php error!
run_getStaticFeature error!
43-(3).php error!
get_opcodes error!
44-(4).php error!
run_getStaticFeature error!
44-(5).php error!
run_getStaticFeature error!
5-(10).php error!
run_getStaticFeature error!
5-(18).php error!
run_getStaticFeature error!
5-(8).php error!
run_getStaticFeature error!
53-(3).php error!
run_getStaticFeature error!
53-(31).php error!
run_getStaticFeature error!
53-(34).php error!
run_getStaticFeature error!
60-(108).php error!
run_getStaticFeature error!
60-(125).php error!
run_getStaticFeature error!
60-(136).php error!
run_getStaticFeature error!
60-(166).php error!
run_getStaticFeature error!
60-(67).php error!
run_getStaticFeature error!
60-(78).php error!
run_getStaticFeature error!
70-(10).php error!
run_getStaticFeature error!
70-(14).php error!
run_getStaticFeature error!
70-(17).php error!
run_getStaticFeature error!
80-(1).php error!
get_opcodes error!
80-(16).php error!
get_opcodes error!
90-(12).php error!
run_getStaticFeature error!
90-(26).php error!
1:D:/Git²Ö¿â/nowebshell/scout/webshell_test_example\1-(1).php is webshell
2:D:/Git²Ö¿â/nowebshell/scout/webshell_test_example\1-(100).php is webshell
3:D:/Git²Ö¿â/nowebshell/scout/webshell_test_example\1-(103).php is webshell
4:D:/Git²Ö¿â/nowebshell/scout/webshell_test_example\1-(104).php is webshell
5:D:/Git²Ö¿â/nowebshell/scout/webshell_test_example\1-(105).php is webshell
6:D:/Git²Ö¿â/nowebshell/scout/webshell_test_example\1-(106).php is webshell
7:D:/Git²Ö¿â/nowebshell/scout/webshell_test_example\1-(107).php is webshell
8:D:/Git²Ö¿â/nowebshell/scout/webshell_test_example\1-(108).php is webshell
9:D:/Git²Ö¿â/nowebshell/scout/webshell_test_example\1-(109).php is webshell
10:D:/Git²Ö¿â/nowebshell/scout/webshell_test_example\1-(110).php is webshell
11:D:/Git²Ö¿â/nowebshell/scout/webshell_test_example\1-(111).php is webshell
12:D:/Git²Ö¿â/nowebshell/scout/webshell_test_example\1-(112).php is webshell
13:D:/Git²Ö¿â/nowebshell/scout/webshell_test_example\1-(113).php is webshell
14:D:/Git²Ö¿â/nowebshell/scout/webshell_test_example\1-(114).php is webshell
15:D:/Git²Ö¿â/nowebshell/scout/webshell_test_example\1-(115).php is webshell
16:D:/Git²Ö¿â/nowebshell/scout/webshell_test_example\1-(116).php is webshell
17:D:/Git²Ö¿â/nowebshell/scout/webshell_test_example\1-(117).php is webshell
18:D:/Git²Ö¿â/nowebshell/scout/webshell_test_example\1-(118).php is webshell
19:D:/Git²Ö¿â/nowebshell/scout/webshell_test_example\1-(119).php is webshell
20:D:/Git²Ö¿â/nowebshell/scout/webshell_test_example\1-(12).php is webshell
21:D:/Git²Ö¿â/nowebshell/scout/webshell_test_example\1-(120).php is webshell
22:D:/Git²Ö¿â/nowebshell/scout/webshell_test_example\1-(123).php is webshell
23:D:/Git²Ö¿â/nowebshell/scout/webshell_test_example\1-(128).php is webshell
24:D:/Git²Ö¿â/nowebshell/scout/webshell_test_example\1-(129).php is webshell
25:D:/Git²Ö¿â/nowebshell/scout/webshell_test_example\1-(13).php is webshell
26:D:/Git²Ö¿â/nowebshell/scout/webshell_test_example\1-(17).php is webshell
27:D:/Git²Ö¿â/nowebshell/scout/webshell_test_example\1-(18).php is webshell
28:D:/Git²Ö¿â/nowebshell/scout/webshell_test_example\1-(23).php is webshell
29:D:/Git²Ö¿â/nowebshell/scout/webshell_test_example\1-(30).php is webshell
30:D:/Git²Ö¿â/nowebshell/scout/webshell_test_example\1-(31).php is webshell
31:D:/Git²Ö¿â/nowebshell/scout/webshell_test_example\1-(33).php is webshell
32:D:/Git²Ö¿â/nowebshell/scout/webshell_test_example\1-(34).php is webshell
33:D:/Git²Ö¿â/nowebshell/scout/webshell_test_example\1-(36).php is webshell
34:D:/Git²Ö¿â/nowebshell/scout/webshell_test_example\1-(39).php is webshell
35:D:/Git²Ö¿â/nowebshell/scout/webshell_test_example\1-(4).php is webshell
36:D:/Git²Ö¿â/nowebshell/scout/webshell_test_example\1-(40).php is normal
37:D:/Git²Ö¿â/nowebshell/scout/webshell_test_example\1-(48).php is webshell
38:D:/Git²Ö¿â/nowebshell/scout/webshell_test_example\1-(50).php is webshell
39:D:/Git²Ö¿â/nowebshell/scout/webshell_test_example\1-(52).php is webshell
40:D:/Git²Ö¿â/nowebshell/scout/webshell_test_example\1-(56).php is webshell
41:D:/Git²Ö¿â/nowebshell/scout/webshell_test_example\1-(57).php is webshell
42:D:/Git²Ö¿â/nowebshell/scout/webshell_test_example\1-(6).php is normal
43:D:/Git²Ö¿â/nowebshell/scout/webshell_test_example\1-(60).php is webshell
44:D:/Git²Ö¿â/nowebshell/scout/webshell_test_example\1-(64).php is webshell
45:D:/Git²Ö¿â/nowebshell/scout/webshell_test_example\1-(65).php is webshell
46:D:/Git²Ö¿â/nowebshell/scout/webshell_test_example\1-(66).php is webshell
47:D:/Git²Ö¿â/nowebshell/scout/webshell_test_example\1-(67).php is webshell
48:D:/Git²Ö¿â/nowebshell/scout/webshell_test_example\1-(68).php is webshell
49:D:/Git²Ö¿â/nowebshell/scout/webshell_test_example\1-(69).php is webshell
50:D:/Git²Ö¿â/nowebshell/scout/webshell_test_example\1-(7).php is webshell
51:D:/Git²Ö¿â/nowebshell/scout/webshell_test_example\1-(71).php is webshell
52:D:/Git²Ö¿â/nowebshell/scout/webshell_test_example\1-(73).php is webshell
53:D:/Git²Ö¿â/nowebshell/scout/webshell_test_example\1-(74).php is webshell
54:D:/Git²Ö¿â/nowebshell/scout/webshell_test_example\1-(76).php is webshell
55:D:/Git²Ö¿â/nowebshell/scout/webshell_test_example\1-(79).php is webshell
56:D:/Git²Ö¿â/nowebshell/scout/webshell_test_example\1-(83).php is webshell
57:D:/Git²Ö¿â/nowebshell/scout/webshell_test_example\1-(85).php is webshell
58:D:/Git²Ö¿â/nowebshell/scout/webshell_test_example\1-(87).php is webshell
59:D:/Git²Ö¿â/nowebshell/scout/webshell_test_example\1-(90).php is webshell
60:D:/Git²Ö¿â/nowebshell/scout/webshell_test_example\1-(91).php is webshell
61:D:/Git²Ö¿â/nowebshell/scout/webshell_test_example\1-(92).php is webshell
62:D:/Git²Ö¿â/nowebshell/scout/webshell_test_example\1-(93).php is webshell
63:D:/Git²Ö¿â/nowebshell/scout/webshell_test_example\1-(94).php is webshell
64:D:/Git²Ö¿â/nowebshell/scout/webshell_test_example\1-(95).php is webshell
65:D:/Git²Ö¿â/nowebshell/scout/webshell_test_example\1-(96).php is webshell
66:D:/Git²Ö¿â/nowebshell/scout/webshell_test_example\1-(97).php is webshell
67:D:/Git²Ö¿â/nowebshell/scout/webshell_test_example\1-(98).php is webshell
68:D:/Git²Ö¿â/nowebshell/scout/webshell_test_example\1-(99).php is webshell
69:D:/Git²Ö¿â/nowebshell/scout/webshell_test_example\2-(87).php is webshell
70:D:/Git²Ö¿â/nowebshell/scout/webshell_test_example\20-(21).php is webshell
71:D:/Git²Ö¿â/nowebshell/scout/webshell_test_example\20-(24).php is webshell
72:D:/Git²Ö¿â/nowebshell/scout/webshell_test_example\20-(27).php is webshell
73:D:/Git²Ö¿â/nowebshell/scout/webshell_test_example\20-(3).php is webshell
74:D:/Git²Ö¿â/nowebshell/scout/webshell_test_example\20-(30).php is webshell
75:D:/Git²Ö¿â/nowebshell/scout/webshell_test_example\20-(31).php is webshell
76:D:/Git²Ö¿â/nowebshell/scout/webshell_test_example\20-(32).php is webshell
77:D:/Git²Ö¿â/nowebshell/scout/webshell_test_example\20-(33).php is webshell
78:D:/Git²Ö¿â/nowebshell/scout/webshell_test_example\20-(37).php is webshell
79:D:/Git²Ö¿â/nowebshell/scout/webshell_test_example\20-(41).php is webshell
80:D:/Git²Ö¿â/nowebshell/scout/webshell_test_example\20-(44).php is webshell
81:D:/Git²Ö¿â/nowebshell/scout/webshell_test_example\20-(47).php is webshell
82:D:/Git²Ö¿â/nowebshell/scout/webshell_test_example\20-(58).php is webshell
83:D:/Git²Ö¿â/nowebshell/scout/webshell_test_example\20-(65).php is webshell
84:D:/Git²Ö¿â/nowebshell/scout/webshell_test_example\20-(66).php is webshell
85:D:/Git²Ö¿â/nowebshell/scout/webshell_test_example\20-(7).php is webshell
86:D:/Git²Ö¿â/nowebshell/scout/webshell_test_example\20-(71).php is webshell
87:D:/Git²Ö¿â/nowebshell/scout/webshell_test_example\20-(74).php is webshell
88:D:/Git²Ö¿â/nowebshell/scout/webshell_test_example\20-(8).php is webshell
89:D:/Git²Ö¿â/nowebshell/scout/webshell_test_example\3-(147).php is webshell
90:D:/Git²Ö¿â/nowebshell/scout/webshell_test_example\3-(212).php is webshell
91:D:/Git²Ö¿â/nowebshell/scout/webshell_test_example\3-(218).php is webshell
92:D:/Git²Ö¿â/nowebshell/scout/webshell_test_example\3-(227).php is webshell
93:D:/Git²Ö¿â/nowebshell/scout/webshell_test_example\3-(243).php is webshell
94:D:/Git²Ö¿â/nowebshell/scout/webshell_test_example\3-(248).php is webshell
95:D:/Git²Ö¿â/nowebshell/scout/webshell_test_example\3-(256).php is webshell
96:D:/Git²Ö¿â/nowebshell/scout/webshell_test_example\3-(260).php is webshell
97:D:/Git²Ö¿â/nowebshell/scout/webshell_test_example\3-(266).php is webshell
98:D:/Git²Ö¿â/nowebshell/scout/webshell_test_example\3-(275).php is webshell
99:D:/Git²Ö¿â/nowebshell/scout/webshell_test_example\3-(290).php is webshell
100:D:/Git²Ö¿â/nowebshell/scout/webshell_test_example\3-(295).php is webshell
101:D:/Git²Ö¿â/nowebshell/scout/webshell_test_example\3-(312).php is webshell
102:D:/Git²Ö¿â/nowebshell/scout/webshell_test_example\3-(320).php is webshell
103:D:/Git²Ö¿â/nowebshell/scout/webshell_test_example\3-(323).php is webshell
104:D:/Git²Ö¿â/nowebshell/scout/webshell_test_example\3-(345).php is webshell
105:D:/Git²Ö¿â/nowebshell/scout/webshell_test_example\3-(346).php is webshell
106:D:/Git²Ö¿â/nowebshell/scout/webshell_test_example\3-(357).php is normal
107:D:/Git²Ö¿â/nowebshell/scout/webshell_test_example\3-(361).php is webshell
108:D:/Git²Ö¿â/nowebshell/scout/webshell_test_example\3-(368).php is webshell
109:D:/Git²Ö¿â/nowebshell/scout/webshell_test_example\4-(11).php is webshell
110:D:/Git²Ö¿â/nowebshell/scout/webshell_test_example\4-(19).php is webshell
111:D:/Git²Ö¿â/nowebshell/scout/webshell_test_example\4-(22).php is webshell
112:D:/Git²Ö¿â/nowebshell/scout/webshell_test_example\40-(1).php is webshell
113:D:/Git²Ö¿â/nowebshell/scout/webshell_test_example\41-(5).php is webshell
114:D:/Git²Ö¿â/nowebshell/scout/webshell_test_example\41-(9).php is webshell
115:D:/Git²Ö¿â/nowebshell/scout/webshell_test_example\42-(1).php is webshell
116:D:/Git²Ö¿â/nowebshell/scout/webshell_test_example\42-(3).php is webshell
117:D:/Git²Ö¿â/nowebshell/scout/webshell_test_example\42-(5).php is webshell
118:D:/Git²Ö¿â/nowebshell/scout/webshell_test_example\42-(6).php is webshell
119:D:/Git²Ö¿â/nowebshell/scout/webshell_test_example\43-(1).php is webshell
120:D:/Git²Ö¿â/nowebshell/scout/webshell_test_example\43-(2).php is webshell
121:D:/Git²Ö¿â/nowebshell/scout/webshell_test_example\43-(4).php is webshell
122:D:/Git²Ö¿â/nowebshell/scout/webshell_test_example\43-(5).php is webshell
123:D:/Git²Ö¿â/nowebshell/scout/webshell_test_example\43-(6).php is webshell
124:D:/Git²Ö¿â/nowebshell/scout/webshell_test_example\43-(7).php is webshell
125:D:/Git²Ö¿â/nowebshell/scout/webshell_test_example\43-(8).php is webshell
126:D:/Git²Ö¿â/nowebshell/scout/webshell_test_example\44-(1).php is webshell
127:D:/Git²Ö¿â/nowebshell/scout/webshell_test_example\44-(2).php is webshell
128:D:/Git²Ö¿â/nowebshell/scout/webshell_test_example\44-(3).php is webshell
129:D:/Git²Ö¿â/nowebshell/scout/webshell_test_example\44-(6).php is webshell
130:D:/Git²Ö¿â/nowebshell/scout/webshell_test_example\44-(7).php is webshell
131:D:/Git²Ö¿â/nowebshell/scout/webshell_test_example\44-(8).php is webshell
132:D:/Git²Ö¿â/nowebshell/scout/webshell_test_example\5-(13).php is webshell
133:D:/Git²Ö¿â/nowebshell/scout/webshell_test_example\5-(14).php is webshell
134:D:/Git²Ö¿â/nowebshell/scout/webshell_test_example\53-(1).php is webshell
135:D:/Git²Ö¿â/nowebshell/scout/webshell_test_example\53-(11).php is webshell
136:D:/Git²Ö¿â/nowebshell/scout/webshell_test_example\53-(12).php is webshell
137:D:/Git²Ö¿â/nowebshell/scout/webshell_test_example\53-(19).php is webshell
138:D:/Git²Ö¿â/nowebshell/scout/webshell_test_example\53-(22).php is webshell
139:D:/Git²Ö¿â/nowebshell/scout/webshell_test_example\53-(28).php is webshell
140:D:/Git²Ö¿â/nowebshell/scout/webshell_test_example\53-(29).php is webshell
141:D:/Git²Ö¿â/nowebshell/scout/webshell_test_example\53-(32).php is webshell
142:D:/Git²Ö¿â/nowebshell/scout/webshell_test_example\53-(33).php is webshell
143:D:/Git²Ö¿â/nowebshell/scout/webshell_test_example\53-(5).php is webshell
144:D:/Git²Ö¿â/nowebshell/scout/webshell_test_example\53-(6).php is webshell
145:D:/Git²Ö¿â/nowebshell/scout/webshell_test_example\6-(17).php is webshell
146:D:/Git²Ö¿â/nowebshell/scout/webshell_test_example\6-(5).php is normal
147:D:/Git²Ö¿â/nowebshell/scout/webshell_test_example\6-(9).php is webshell
148:D:/Git²Ö¿â/nowebshell/scout/webshell_test_example\60-(1).php is webshell
149:D:/Git²Ö¿â/nowebshell/scout/webshell_test_example\60-(101).php is webshell
150:D:/Git²Ö¿â/nowebshell/scout/webshell_test_example\60-(102).php is webshell
151:D:/Git²Ö¿â/nowebshell/scout/webshell_test_example\60-(104).php is webshell
152:D:/Git²Ö¿â/nowebshell/scout/webshell_test_example\60-(105).php is webshell
153:D:/Git²Ö¿â/nowebshell/scout/webshell_test_example\60-(110).php is webshell
154:D:/Git²Ö¿â/nowebshell/scout/webshell_test_example\60-(111).php is webshell
155:D:/Git²Ö¿â/nowebshell/scout/webshell_test_example\60-(112).php is webshell
156:D:/Git²Ö¿â/nowebshell/scout/webshell_test_example\60-(113).php is webshell
157:D:/Git²Ö¿â/nowebshell/scout/webshell_test_example\60-(114).php is webshell
158:D:/Git²Ö¿â/nowebshell/scout/webshell_test_example\60-(116).php is webshell
159:D:/Git²Ö¿â/nowebshell/scout/webshell_test_example\60-(118).php is webshell
160:D:/Git²Ö¿â/nowebshell/scout/webshell_test_example\60-(119).php is webshell
161:D:/Git²Ö¿â/nowebshell/scout/webshell_test_example\60-(121).php is webshell
162:D:/Git²Ö¿â/nowebshell/scout/webshell_test_example\60-(127).php is webshell
163:D:/Git²Ö¿â/nowebshell/scout/webshell_test_example\60-(128).php is webshell
164:D:/Git²Ö¿â/nowebshell/scout/webshell_test_example\60-(129).php is webshell
165:D:/Git²Ö¿â/nowebshell/scout/webshell_test_example\60-(131).php is webshell
166:D:/Git²Ö¿â/nowebshell/scout/webshell_test_example\60-(137).php is webshell
167:D:/Git²Ö¿â/nowebshell/scout/webshell_test_example\60-(138).php is webshell
168:D:/Git²Ö¿â/nowebshell/scout/webshell_test_example\60-(139).php is webshell
169:D:/Git²Ö¿â/nowebshell/scout/webshell_test_example\60-(140).php is webshell
170:D:/Git²Ö¿â/nowebshell/scout/webshell_test_example\60-(143).php is webshell
171:D:/Git²Ö¿â/nowebshell/scout/webshell_test_example\60-(144).php is webshell
172:D:/Git²Ö¿â/nowebshell/scout/webshell_test_example\60-(145).php is webshell
173:D:/Git²Ö¿â/nowebshell/scout/webshell_test_example\60-(147).php is webshell
174:D:/Git²Ö¿â/nowebshell/scout/webshell_test_example\60-(148).php is webshell
175:D:/Git²Ö¿â/nowebshell/scout/webshell_test_example\60-(149).php is webshell
176:D:/Git²Ö¿â/nowebshell/scout/webshell_test_example\60-(150).php is webshell
177:D:/Git²Ö¿â/nowebshell/scout/webshell_test_example\60-(151).php is webshell
178:D:/Git²Ö¿â/nowebshell/scout/webshell_test_example\60-(152).php is webshell
179:D:/Git²Ö¿â/nowebshell/scout/webshell_test_example\60-(153).php is webshell
180:D:/Git²Ö¿â/nowebshell/scout/webshell_test_example\60-(155).php is webshell
181:D:/Git²Ö¿â/nowebshell/scout/webshell_test_example\60-(159).php is webshell
182:D:/Git²Ö¿â/nowebshell/scout/webshell_test_example\60-(160).php is webshell
183:D:/Git²Ö¿â/nowebshell/scout/webshell_test_example\60-(162).php is webshell
184:D:/Git²Ö¿â/nowebshell/scout/webshell_test_example\60-(163).php is webshell
185:D:/Git²Ö¿â/nowebshell/scout/webshell_test_example\60-(168).php is webshell
186:D:/Git²Ö¿â/nowebshell/scout/webshell_test_example\60-(169).php is webshell
187:D:/Git²Ö¿â/nowebshell/scout/webshell_test_example\60-(170).php is webshell
188:D:/Git²Ö¿â/nowebshell/scout/webshell_test_example\60-(171).php is webshell
189:D:/Git²Ö¿â/nowebshell/scout/webshell_test_example\60-(172).php is webshell
190:D:/Git²Ö¿â/nowebshell/scout/webshell_test_example\60-(174).php is webshell
191:D:/Git²Ö¿â/nowebshell/scout/webshell_test_example\60-(176).php is webshell
192:D:/Git²Ö¿â/nowebshell/scout/webshell_test_example\60-(60).php is webshell
193:D:/Git²Ö¿â/nowebshell/scout/webshell_test_example\60-(61).php is webshell
194:D:/Git²Ö¿â/nowebshell/scout/webshell_test_example\60-(63).php is webshell
195:D:/Git²Ö¿â/nowebshell/scout/webshell_test_example\60-(69).php is webshell
196:D:/Git²Ö¿â/nowebshell/scout/webshell_test_example\60-(70).php is webshell
197:D:/Git²Ö¿â/nowebshell/scout/webshell_test_example\60-(71).php is webshell
198:D:/Git²Ö¿â/nowebshell/scout/webshell_test_example\60-(74).php is webshell
199:D:/Git²Ö¿â/nowebshell/scout/webshell_test_example\60-(79).php is webshell
200:D:/Git²Ö¿â/nowebshell/scout/webshell_test_example\60-(80).php is webshell
201:D:/Git²Ö¿â/nowebshell/scout/webshell_test_example\60-(81).php is webshell
202:D:/Git²Ö¿â/nowebshell/scout/webshell_test_example\60-(82).php is webshell
203:D:/Git²Ö¿â/nowebshell/scout/webshell_test_example\60-(85).php is webshell
204:D:/Git²Ö¿â/nowebshell/scout/webshell_test_example\60-(86).php is webshell
205:D:/Git²Ö¿â/nowebshell/scout/webshell_test_example\60-(87).php is webshell
206:D:/Git²Ö¿â/nowebshell/scout/webshell_test_example\60-(89).php is webshell
207:D:/Git²Ö¿â/nowebshell/scout/webshell_test_example\60-(90).php is webshell
208:D:/Git²Ö¿â/nowebshell/scout/webshell_test_example\60-(91).php is webshell
209:D:/Git²Ö¿â/nowebshell/scout/webshell_test_example\60-(92).php is webshell
210:D:/Git²Ö¿â/nowebshell/scout/webshell_test_example\60-(93).php is webshell
211:D:/Git²Ö¿â/nowebshell/scout/webshell_test_example\60-(94).php is webshell
212:D:/Git²Ö¿â/nowebshell/scout/webshell_test_example\60-(95).php is webshell
213:D:/Git²Ö¿â/nowebshell/scout/webshell_test_example\60-(97).php is webshell
214:D:/Git²Ö¿â/nowebshell/scout/webshell_test_example\70-(11).php is webshell
215:D:/Git²Ö¿â/nowebshell/scout/webshell_test_example\70-(12).php is webshell
216:D:/Git²Ö¿â/nowebshell/scout/webshell_test_example\70-(19).php is webshell
217:D:/Git²Ö¿â/nowebshell/scout/webshell_test_example\70-(27).php is webshell
218:D:/Git²Ö¿â/nowebshell/scout/webshell_test_example\70-(30).php is webshell
219:D:/Git²Ö¿â/nowebshell/scout/webshell_test_example\70-(31).php is webshell
220:D:/Git²Ö¿â/nowebshell/scout/webshell_test_example\70-(32).php is webshell
221:D:/Git²Ö¿â/nowebshell/scout/webshell_test_example\70-(33).php is webshell
222:D:/Git²Ö¿â/nowebshell/scout/webshell_test_example\70-(34).php is webshell
223:D:/Git²Ö¿â/nowebshell/scout/webshell_test_example\70-(36).php is webshell
224:D:/Git²Ö¿â/nowebshell/scout/webshell_test_example\70-(37).php is webshell
225:D:/Git²Ö¿â/nowebshell/scout/webshell_test_example\70-(39).php is webshell
226:D:/Git²Ö¿â/nowebshell/scout/webshell_test_example\70-(6).php is webshell
227:D:/Git²Ö¿â/nowebshell/scout/webshell_test_example\70-(8).php is webshell
228:D:/Git²Ö¿â/nowebshell/scout/webshell_test_example\70-(9).php is webshell
229:D:/Git²Ö¿â/nowebshell/scout/webshell_test_example\80-(13).php is webshell
230:D:/Git²Ö¿â/nowebshell/scout/webshell_test_example\80-(18).php is webshell
231:D:/Git²Ö¿â/nowebshell/scout/webshell_test_example\80-(25).php is webshell
232:D:/Git²Ö¿â/nowebshell/scout/webshell_test_example\80-(29).php is webshell
233:D:/Git²Ö¿â/nowebshell/scout/webshell_test_example\80-(30).php is webshell
234:D:/Git²Ö¿â/nowebshell/scout/webshell_test_example\80-(31).php is webshell
235:D:/Git²Ö¿â/nowebshell/scout/webshell_test_example\80-(32).php is webshell
236:D:/Git²Ö¿â/nowebshell/scout/webshell_test_example\80-(36).php is webshell
237:D:/Git²Ö¿â/nowebshell/scout/webshell_test_example\80-(38).php is webshell
238:D:/Git²Ö¿â/nowebshell/scout/webshell_test_example\80-(39).php is webshell
239:D:/Git²Ö¿â/nowebshell/scout/webshell_test_example\80-(43).php is webshell
240:D:/Git²Ö¿â/nowebshell/scout/webshell_test_example\90-(15).php is webshell
241:D:/Git²Ö¿â/nowebshell/scout/webshell_test_example\90-(16).php is webshell
242:D:/Git²Ö¿â/nowebshell/scout/webshell_test_example\90-(18).php is webshell
243:D:/Git²Ö¿â/nowebshell/scout/webshell_test_example\90-(19).php is webshell
244:D:/Git²Ö¿â/nowebshell/scout/webshell_test_example\90-(2).php is webshell
245:D:/Git²Ö¿â/nowebshell/scout/webshell_test_example\90-(20).php is webshell
246:D:/Git²Ö¿â/nowebshell/scout/webshell_test_example\90-(21).php is webshell
247:D:/Git²Ö¿â/nowebshell/scout/webshell_test_example\90-(22).php is webshell
248:D:/Git²Ö¿â/nowebshell/scout/webshell_test_example\90-(24).php is webshell
249:D:/Git²Ö¿â/nowebshell/scout/webshell_test_example\90-(27).php is webshell
250:D:/Git²Ö¿â/nowebshell/scout/webshell_test_example\90-(28).php is webshell
251:D:/Git²Ö¿â/nowebshell/scout/webshell_test_example\90-(5).php is webshell
252:D:/Git²Ö¿â/nowebshell/scout/webshell_test_example\90-(7).php is webshell
253:D:/Git²Ö¿â/nowebshell/scout/webshell_test_example\not detected.php is webshell
