traindata/rfc-default.pkl
check
ERROR:D:/desktop/PKI大作业/scout-main/webshell_test_example\1-(101).php
ERROR:D:/desktop/PKI大作业/scout-main/webshell_test_example\1-(106).php
ERROR:D:/desktop/PKI大作业/scout-main/webshell_test_example\1-(33).php
ERROR:D:/desktop/PKI大作业/scout-main/webshell_test_example\1-(50).php
ERROR:D:/desktop/PKI大作业/scout-main/webshell_test_example\1-(60).php
ERROR:D:/desktop/PKI大作业/scout-main/webshell_test_example\1-(76).php
ERROR:D:/desktop/PKI大作业/scout-main/webshell_test_example\1-(94).php
ERROR:D:/desktop/PKI大作业/scout-main/webshell_test_example\20-(11).php
ERROR:D:/desktop/PKI大作业/scout-main/webshell_test_example\20-(68).php
ERROR:D:/desktop/PKI大作业/scout-main/webshell_test_example\3-(215).php
ERROR:D:/desktop/PKI大作业/scout-main/webshell_test_example\3-(226).php
ERROR:D:/desktop/PKI大作业/scout-main/webshell_test_example\3-(263).php
ERROR:D:/desktop/PKI大作业/scout-main/webshell_test_example\3-(274).php
ERROR:D:/desktop/PKI大作业/scout-main/webshell_test_example\3-(320).php
ERROR:D:/desktop/PKI大作业/scout-main/webshell_test_example\3-(340).php
ERROR:D:/desktop/PKI大作业/scout-main/webshell_test_example\3-(342).php
ERROR:D:/desktop/PKI大作业/scout-main/webshell_test_example\3-(350).php
ERROR:D:/desktop/PKI大作业/scout-main/webshell_test_example\39-(1).php
ERROR:D:/desktop/PKI大作业/scout-main/webshell_test_example\4-(19).php
ERROR:D:/desktop/PKI大作业/scout-main/webshell_test_example\40-(2).php
ERROR:D:/desktop/PKI大作业/scout-main/webshell_test_example\40-(3).php
ERROR:D:/desktop/PKI大作业/scout-main/webshell_test_example\40-(5).php
ERROR:D:/desktop/PKI大作业/scout-main/webshell_test_example\41-(7).php
ERROR:D:/desktop/PKI大作业/scout-main/webshell_test_example\42-(1).php
ERROR:D:/desktop/PKI大作业/scout-main/webshell_test_example\42-(3).php
ERROR:D:/desktop/PKI大作业/scout-main/webshell_test_example\42-(4).php
ERROR:D:/desktop/PKI大作业/scout-main/webshell_test_example\42-(7).php
ERROR:D:/desktop/PKI大作业/scout-main/webshell_test_example\43-(3).php
ERROR:D:/desktop/PKI大作业/scout-main/webshell_test_example\43-(6).php
ERROR:D:/desktop/PKI大作业/scout-main/webshell_test_example\44-(4).php
ERROR:D:/desktop/PKI大作业/scout-main/webshell_test_example\44-(5).php
ERROR:D:/desktop/PKI大作业/scout-main/webshell_test_example\5-(10).php
ERROR:D:/desktop/PKI大作业/scout-main/webshell_test_example\5-(18).php
ERROR:D:/desktop/PKI大作业/scout-main/webshell_test_example\5-(8).php
ERROR:D:/desktop/PKI大作业/scout-main/webshell_test_example\53-(3).php
ERROR:D:/desktop/PKI大作业/scout-main/webshell_test_example\53-(31).php
ERROR:D:/desktop/PKI大作业/scout-main/webshell_test_example\53-(34).php
ERROR:D:/desktop/PKI大作业/scout-main/webshell_test_example\60-(102).php
ERROR:D:/desktop/PKI大作业/scout-main/webshell_test_example\60-(108).php
ERROR:D:/desktop/PKI大作业/scout-main/webshell_test_example\60-(111).php
ERROR:D:/desktop/PKI大作业/scout-main/webshell_test_example\60-(127).php
ERROR:D:/desktop/PKI大作业/scout-main/webshell_test_example\60-(137).php
ERROR:D:/desktop/PKI大作业/scout-main/webshell_test_example\60-(160).php
ERROR:D:/desktop/PKI大作业/scout-main/webshell_test_example\60-(166).php
ERROR:D:/desktop/PKI大作业/scout-main/webshell_test_example\60-(169).php
ERROR:D:/desktop/PKI大作业/scout-main/webshell_test_example\60-(69).php
ERROR:D:/desktop/PKI大作业/scout-main/webshell_test_example\60-(79).php
ERROR:D:/desktop/PKI大作业/scout-main/webshell_test_example\70-(11).php
ERROR:D:/desktop/PKI大作业/scout-main/webshell_test_example\70-(27).php
ERROR:D:/desktop/PKI大作业/scout-main/webshell_test_example\70-(30).php
ERROR:D:/desktop/PKI大作业/scout-main/webshell_test_example\70-(31).php
ERROR:D:/desktop/PKI大作业/scout-main/webshell_test_example\70-(32).php
ERROR:D:/desktop/PKI大作业/scout-main/webshell_test_example\70-(33).php
ERROR:D:/desktop/PKI大作业/scout-main/webshell_test_example\70-(34).php
ERROR:D:/desktop/PKI大作业/scout-main/webshell_test_example\70-(36).php
ERROR:D:/desktop/PKI大作业/scout-main/webshell_test_example\70-(37).php
ERROR:D:/desktop/PKI大作业/scout-main/webshell_test_example\70-(39).php
ERROR:D:/desktop/PKI大作业/scout-main/webshell_test_example\80-(1).php
ERROR:D:/desktop/PKI大作业/scout-main/webshell_test_example\80-(16).php
ERROR:D:/desktop/PKI大作业/scout-main/webshell_test_example\80-(38).php
ERROR:D:/desktop/PKI大作业/scout-main/webshell_test_example\90-(12).php
ERROR:D:/desktop/PKI大作业/scout-main/webshell_test_example\90-(26).php
ERROR:D:/desktop/PKI大作业/scout-main/webshell_test_example\90-(7).php
[1, 0, 1, 0, 1, 0, 1, 0, 1, 1, 0, 0, 1, 1, 1, 0, 1, 1, 1, 1, 1, 1, 0, 0, 1, 1, 1, 1, 1, 1, 0, 1, 1, 0, 0, 1, 1, 1, 0, 0, 0, 0, 1, 0, 0, 1, 1, 0, 1, 1, 0, 0, 1, 1, 1, 0, 1, 1, 1, 0, 1, 1, 1, 1, 0, 1, 1, 1, 0, 0, 1, 1, 0, 0, 0, 0, 0, 0, 0, 0, 0, 0, 0, 1, 0, 0, 1, 0, 0, 1, 0, 1, 1, 0, 0, 1, 0, 1, 1, 0, 1, 1, 0, 1, 0, 0, 1, 0, 0, 1, 0, 0, 1, 0, 1, 0, 1, 0, 1, 0, 0, 0, 0, 1, 0, 1, 0, 0, 1, 1, 1, 1, 1, 0, 1, 0, 1, 0, 1, 1, 1, 0, 0, 1, 0, 0, 0, 1, 1, 1, 1, 1, 1, 0, 1, 0, 1, 1, 1, 0, 0, 0, 0, 0, 0, 0, 0, 0, 0, 1, 0, 0, 0, 0, 0, 0, 0, 1, 1, 1, 1, 1, 1, 0, 0, 1, 0, 1, 1, 1, 0, 0, 0, 0, 0, 0, 0, 0, 0, 0, 1, 0, 0, 0, 0, 0, 0, 1, 0, 0, 0, 0, 0, 0, 0, 1, 0, 1, 1, 0, 0, 1, 0, 1, 0, 1, 1, 1, 1, 1, 0, 1, 0, 1, 0, 0, 1]
237
1:D:/desktop/PKI大作业/scout-main/webshell_test_example\1-(1).php is webshell
2:D:/desktop/PKI大作业/scout-main/webshell_test_example\1-(100).php is normal
3:D:/desktop/PKI大作业/scout-main/webshell_test_example\1-(103).php is webshell
4:D:/desktop/PKI大作业/scout-main/webshell_test_example\1-(104).php is normal
5:D:/desktop/PKI大作业/scout-main/webshell_test_example\1-(105).php is webshell
6:D:/desktop/PKI大作业/scout-main/webshell_test_example\1-(107).php is normal
7:D:/desktop/PKI大作业/scout-main/webshell_test_example\1-(108).php is webshell
8:D:/desktop/PKI大作业/scout-main/webshell_test_example\1-(109).php is normal
9:D:/desktop/PKI大作业/scout-main/webshell_test_example\1-(110).php is webshell
10:D:/desktop/PKI大作业/scout-main/webshell_test_example\1-(111).php is webshell
11:D:/desktop/PKI大作业/scout-main/webshell_test_example\1-(112).php is normal
12:D:/desktop/PKI大作业/scout-main/webshell_test_example\1-(113).php is normal
13:D:/desktop/PKI大作业/scout-main/webshell_test_example\1-(114).php is webshell
14:D:/desktop/PKI大作业/scout-main/webshell_test_example\1-(115).php is webshell
15:D:/desktop/PKI大作业/scout-main/webshell_test_example\1-(116).php is webshell
16:D:/desktop/PKI大作业/scout-main/webshell_test_example\1-(117).php is normal
17:D:/desktop/PKI大作业/scout-main/webshell_test_example\1-(118).php is webshell
18:D:/desktop/PKI大作业/scout-main/webshell_test_example\1-(119).php is webshell
19:D:/desktop/PKI大作业/scout-main/webshell_test_example\1-(12).php is webshell
20:D:/desktop/PKI大作业/scout-main/webshell_test_example\1-(120).php is webshell
21:D:/desktop/PKI大作业/scout-main/webshell_test_example\1-(123).php is webshell
22:D:/desktop/PKI大作业/scout-main/webshell_test_example\1-(128).php is webshell
23:D:/desktop/PKI大作业/scout-main/webshell_test_example\1-(129).php is normal
24:D:/desktop/PKI大作业/scout-main/webshell_test_example\1-(13).php is normal
25:D:/desktop/PKI大作业/scout-main/webshell_test_example\1-(17).php is webshell
26:D:/desktop/PKI大作业/scout-main/webshell_test_example\1-(18).php is webshell
27:D:/desktop/PKI大作业/scout-main/webshell_test_example\1-(23).php is webshell
28:D:/desktop/PKI大作业/scout-main/webshell_test_example\1-(30).php is webshell
29:D:/desktop/PKI大作业/scout-main/webshell_test_example\1-(31).php is webshell
30:D:/desktop/PKI大作业/scout-main/webshell_test_example\1-(34).php is webshell
31:D:/desktop/PKI大作业/scout-main/webshell_test_example\1-(36).php is normal
32:D:/desktop/PKI大作业/scout-main/webshell_test_example\1-(39).php is webshell
33:D:/desktop/PKI大作业/scout-main/webshell_test_example\1-(4).php is webshell
34:D:/desktop/PKI大作业/scout-main/webshell_test_example\1-(40).php is normal
35:D:/desktop/PKI大作业/scout-main/webshell_test_example\1-(48).php is normal
36:D:/desktop/PKI大作业/scout-main/webshell_test_example\1-(52).php is webshell
37:D:/desktop/PKI大作业/scout-main/webshell_test_example\1-(55).php is webshell
38:D:/desktop/PKI大作业/scout-main/webshell_test_example\1-(56).php is webshell
39:D:/desktop/PKI大作业/scout-main/webshell_test_example\1-(57).php is normal
40:D:/desktop/PKI大作业/scout-main/webshell_test_example\1-(58).php is normal
41:D:/desktop/PKI大作业/scout-main/webshell_test_example\1-(6).php is normal
42:D:/desktop/PKI大作业/scout-main/webshell_test_example\1-(64).php is normal
43:D:/desktop/PKI大作业/scout-main/webshell_test_example\1-(65).php is webshell
44:D:/desktop/PKI大作业/scout-main/webshell_test_example\1-(66).php is normal
45:D:/desktop/PKI大作业/scout-main/webshell_test_example\1-(67).php is normal
46:D:/desktop/PKI大作业/scout-main/webshell_test_example\1-(68).php is webshell
47:D:/desktop/PKI大作业/scout-main/webshell_test_example\1-(69).php is webshell
48:D:/desktop/PKI大作业/scout-main/webshell_test_example\1-(7).php is normal
49:D:/desktop/PKI大作业/scout-main/webshell_test_example\1-(71).php is webshell
50:D:/desktop/PKI大作业/scout-main/webshell_test_example\1-(73).php is webshell
51:D:/desktop/PKI大作业/scout-main/webshell_test_example\1-(74).php is normal
52:D:/desktop/PKI大作业/scout-main/webshell_test_example\1-(77).php is normal
53:D:/desktop/PKI大作业/scout-main/webshell_test_example\1-(79).php is webshell
54:D:/desktop/PKI大作业/scout-main/webshell_test_example\1-(83).php is webshell
55:D:/desktop/PKI大作业/scout-main/webshell_test_example\1-(85).php is webshell
56:D:/desktop/PKI大作业/scout-main/webshell_test_example\1-(86).php is normal
57:D:/desktop/PKI大作业/scout-main/webshell_test_example\1-(87).php is webshell
58:D:/desktop/PKI大作业/scout-main/webshell_test_example\1-(90).php is webshell
59:D:/desktop/PKI大作业/scout-main/webshell_test_example\1-(91).php is webshell
60:D:/desktop/PKI大作业/scout-main/webshell_test_example\1-(92).php is normal
61:D:/desktop/PKI大作业/scout-main/webshell_test_example\1-(93).php is webshell
62:D:/desktop/PKI大作业/scout-main/webshell_test_example\1-(95).php is webshell
63:D:/desktop/PKI大作业/scout-main/webshell_test_example\1-(96).php is webshell
64:D:/desktop/PKI大作业/scout-main/webshell_test_example\1-(97).php is webshell
65:D:/desktop/PKI大作业/scout-main/webshell_test_example\1-(98).php is normal
66:D:/desktop/PKI大作业/scout-main/webshell_test_example\1-(99).php is webshell
67:D:/desktop/PKI大作业/scout-main/webshell_test_example\2-(87).php is webshell
68:D:/desktop/PKI大作业/scout-main/webshell_test_example\20-(21).php is webshell
69:D:/desktop/PKI大作业/scout-main/webshell_test_example\20-(24).php is normal
70:D:/desktop/PKI大作业/scout-main/webshell_test_example\20-(27).php is normal
71:D:/desktop/PKI大作业/scout-main/webshell_test_example\20-(3).php is webshell
72:D:/desktop/PKI大作业/scout-main/webshell_test_example\20-(30).php is webshell
73:D:/desktop/PKI大作业/scout-main/webshell_test_example\20-(31).php is normal
74:D:/desktop/PKI大作业/scout-main/webshell_test_example\20-(32).php is normal
75:D:/desktop/PKI大作业/scout-main/webshell_test_example\20-(33).php is normal
76:D:/desktop/PKI大作业/scout-main/webshell_test_example\20-(37).php is normal
77:D:/desktop/PKI大作业/scout-main/webshell_test_example\20-(41).php is normal
78:D:/desktop/PKI大作业/scout-main/webshell_test_example\20-(44).php is normal
79:D:/desktop/PKI大作业/scout-main/webshell_test_example\20-(47).php is normal
80:D:/desktop/PKI大作业/scout-main/webshell_test_example\20-(58).php is normal
81:D:/desktop/PKI大作业/scout-main/webshell_test_example\20-(65).php is normal
82:D:/desktop/PKI大作业/scout-main/webshell_test_example\20-(66).php is normal
83:D:/desktop/PKI大作业/scout-main/webshell_test_example\20-(7).php is normal
84:D:/desktop/PKI大作业/scout-main/webshell_test_example\20-(71).php is webshell
85:D:/desktop/PKI大作业/scout-main/webshell_test_example\20-(74).php is normal
86:D:/desktop/PKI大作业/scout-main/webshell_test_example\20-(8).php is normal
87:D:/desktop/PKI大作业/scout-main/webshell_test_example\3-(147).php is webshell
88:D:/desktop/PKI大作业/scout-main/webshell_test_example\3-(212).php is normal
89:D:/desktop/PKI大作业/scout-main/webshell_test_example\3-(218).php is normal
90:D:/desktop/PKI大作业/scout-main/webshell_test_example\3-(227).php is webshell
91:D:/desktop/PKI大作业/scout-main/webshell_test_example\3-(243).php is normal
92:D:/desktop/PKI大作业/scout-main/webshell_test_example\3-(248).php is webshell
93:D:/desktop/PKI大作业/scout-main/webshell_test_example\3-(256).php is webshell
94:D:/desktop/PKI大作业/scout-main/webshell_test_example\3-(260).php is normal
95:D:/desktop/PKI大作业/scout-main/webshell_test_example\3-(266).php is normal
96:D:/desktop/PKI大作业/scout-main/webshell_test_example\3-(275).php is webshell
97:D:/desktop/PKI大作业/scout-main/webshell_test_example\3-(290).php is normal
98:D:/desktop/PKI大作业/scout-main/webshell_test_example\3-(295).php is webshell
99:D:/desktop/PKI大作业/scout-main/webshell_test_example\3-(312).php is webshell
100:D:/desktop/PKI大作业/scout-main/webshell_test_example\3-(323).php is normal
101:D:/desktop/PKI大作业/scout-main/webshell_test_example\3-(345).php is webshell
102:D:/desktop/PKI大作业/scout-main/webshell_test_example\3-(346).php is webshell
103:D:/desktop/PKI大作业/scout-main/webshell_test_example\3-(357).php is normal
104:D:/desktop/PKI大作业/scout-main/webshell_test_example\3-(361).php is webshell
105:D:/desktop/PKI大作业/scout-main/webshell_test_example\3-(368).php is normal
106:D:/desktop/PKI大作业/scout-main/webshell_test_example\38-(10).php is normal
107:D:/desktop/PKI大作业/scout-main/webshell_test_example\4-(11).php is webshell
108:D:/desktop/PKI大作业/scout-main/webshell_test_example\4-(22).php is normal
109:D:/desktop/PKI大作业/scout-main/webshell_test_example\40-(1).php is normal
110:D:/desktop/PKI大作业/scout-main/webshell_test_example\41-(1).php is webshell
111:D:/desktop/PKI大作业/scout-main/webshell_test_example\41-(3).php is normal
112:D:/desktop/PKI大作业/scout-main/webshell_test_example\41-(5).php is normal
113:D:/desktop/PKI大作业/scout-main/webshell_test_example\41-(8).php is webshell
114:D:/desktop/PKI大作业/scout-main/webshell_test_example\41-(9).php is normal
115:D:/desktop/PKI大作业/scout-main/webshell_test_example\42-(5).php is webshell
116:D:/desktop/PKI大作业/scout-main/webshell_test_example\42-(6).php is normal
117:D:/desktop/PKI大作业/scout-main/webshell_test_example\43-(1).php is webshell
118:D:/desktop/PKI大作业/scout-main/webshell_test_example\43-(2).php is normal
119:D:/desktop/PKI大作业/scout-main/webshell_test_example\43-(4).php is webshell
120:D:/desktop/PKI大作业/scout-main/webshell_test_example\43-(5).php is normal
121:D:/desktop/PKI大作业/scout-main/webshell_test_example\43-(7).php is normal
122:D:/desktop/PKI大作业/scout-main/webshell_test_example\43-(8).php is normal
123:D:/desktop/PKI大作业/scout-main/webshell_test_example\44-(1).php is normal
124:D:/desktop/PKI大作业/scout-main/webshell_test_example\44-(2).php is webshell
125:D:/desktop/PKI大作业/scout-main/webshell_test_example\44-(3).php is normal
126:D:/desktop/PKI大作业/scout-main/webshell_test_example\44-(6).php is webshell
127:D:/desktop/PKI大作业/scout-main/webshell_test_example\44-(7).php is normal
128:D:/desktop/PKI大作业/scout-main/webshell_test_example\44-(8).php is normal
129:D:/desktop/PKI大作业/scout-main/webshell_test_example\5-(13).php is webshell
130:D:/desktop/PKI大作业/scout-main/webshell_test_example\5-(14).php is webshell
131:D:/desktop/PKI大作业/scout-main/webshell_test_example\53-(1).php is webshell
132:D:/desktop/PKI大作业/scout-main/webshell_test_example\53-(11).php is webshell
133:D:/desktop/PKI大作业/scout-main/webshell_test_example\53-(12).php is webshell
134:D:/desktop/PKI大作业/scout-main/webshell_test_example\53-(19).php is normal
135:D:/desktop/PKI大作业/scout-main/webshell_test_example\53-(22).php is webshell
136:D:/desktop/PKI大作业/scout-main/webshell_test_example\53-(28).php is normal
137:D:/desktop/PKI大作业/scout-main/webshell_test_example\53-(29).php is webshell
138:D:/desktop/PKI大作业/scout-main/webshell_test_example\53-(32).php is normal
139:D:/desktop/PKI大作业/scout-main/webshell_test_example\53-(33).php is webshell
140:D:/desktop/PKI大作业/scout-main/webshell_test_example\53-(5).php is webshell
141:D:/desktop/PKI大作业/scout-main/webshell_test_example\53-(6).php is webshell
142:D:/desktop/PKI大作业/scout-main/webshell_test_example\6-(17).php is normal
143:D:/desktop/PKI大作业/scout-main/webshell_test_example\6-(5).php is normal
144:D:/desktop/PKI大作业/scout-main/webshell_test_example\6-(9).php is webshell
145:D:/desktop/PKI大作业/scout-main/webshell_test_example\60-(1).php is normal
146:D:/desktop/PKI大作业/scout-main/webshell_test_example\60-(101).php is normal
147:D:/desktop/PKI大作业/scout-main/webshell_test_example\60-(104).php is normal
148:D:/desktop/PKI大作业/scout-main/webshell_test_example\60-(105).php is webshell
149:D:/desktop/PKI大作业/scout-main/webshell_test_example\60-(110).php is webshell
150:D:/desktop/PKI大作业/scout-main/webshell_test_example\60-(112).php is webshell
151:D:/desktop/PKI大作业/scout-main/webshell_test_example\60-(113).php is webshell
152:D:/desktop/PKI大作业/scout-main/webshell_test_example\60-(114).php is webshell
153:D:/desktop/PKI大作业/scout-main/webshell_test_example\60-(116).php is webshell
154:D:/desktop/PKI大作业/scout-main/webshell_test_example\60-(118).php is normal
155:D:/desktop/PKI大作业/scout-main/webshell_test_example\60-(119).php is webshell
156:D:/desktop/PKI大作业/scout-main/webshell_test_example\60-(121).php is normal
157:D:/desktop/PKI大作业/scout-main/webshell_test_example\60-(125).php is webshell
158:D:/desktop/PKI大作业/scout-main/webshell_test_example\60-(128).php is webshell
159:D:/desktop/PKI大作业/scout-main/webshell_test_example\60-(129).php is webshell
160:D:/desktop/PKI大作业/scout-main/webshell_test_example\60-(131).php is normal
161:D:/desktop/PKI大作业/scout-main/webshell_test_example\60-(136).php is normal
162:D:/desktop/PKI大作业/scout-main/webshell_test_example\60-(138).php is normal
163:D:/desktop/PKI大作业/scout-main/webshell_test_example\60-(139).php is normal
164:D:/desktop/PKI大作业/scout-main/webshell_test_example\60-(140).php is normal
165:D:/desktop/PKI大作业/scout-main/webshell_test_example\60-(143).php is normal
166:D:/desktop/PKI大作业/scout-main/webshell_test_example\60-(144).php is normal
167:D:/desktop/PKI大作业/scout-main/webshell_test_example\60-(145).php is normal
168:D:/desktop/PKI大作业/scout-main/webshell_test_example\60-(147).php is normal
169:D:/desktop/PKI大作业/scout-main/webshell_test_example\60-(148).php is normal
170:D:/desktop/PKI大作业/scout-main/webshell_test_example\60-(149).php is webshell
171:D:/desktop/PKI大作业/scout-main/webshell_test_example\60-(150).php is normal
172:D:/desktop/PKI大作业/scout-main/webshell_test_example\60-(151).php is normal
173:D:/desktop/PKI大作业/scout-main/webshell_test_example\60-(152).php is normal
174:D:/desktop/PKI大作业/scout-main/webshell_test_example\60-(153).php is normal
175:D:/desktop/PKI大作业/scout-main/webshell_test_example\60-(155).php is normal
176:D:/desktop/PKI大作业/scout-main/webshell_test_example\60-(159).php is normal
177:D:/desktop/PKI大作业/scout-main/webshell_test_example\60-(162).php is normal
178:D:/desktop/PKI大作业/scout-main/webshell_test_example\60-(163).php is webshell
179:D:/desktop/PKI大作业/scout-main/webshell_test_example\60-(168).php is webshell
180:D:/desktop/PKI大作业/scout-main/webshell_test_example\60-(170).php is webshell
181:D:/desktop/PKI大作业/scout-main/webshell_test_example\60-(171).php is webshell
182:D:/desktop/PKI大作业/scout-main/webshell_test_example\60-(172).php is webshell
183:D:/desktop/PKI大作业/scout-main/webshell_test_example\60-(174).php is webshell
184:D:/desktop/PKI大作业/scout-main/webshell_test_example\60-(176).php is normal
185:D:/desktop/PKI大作业/scout-main/webshell_test_example\60-(60).php is normal
186:D:/desktop/PKI大作业/scout-main/webshell_test_example\60-(61).php is webshell
187:D:/desktop/PKI大作业/scout-main/webshell_test_example\60-(63).php is normal
188:D:/desktop/PKI大作业/scout-main/webshell_test_example\60-(67).php is webshell
189:D:/desktop/PKI大作业/scout-main/webshell_test_example\60-(70).php is webshell
190:D:/desktop/PKI大作业/scout-main/webshell_test_example\60-(71).php is webshell
191:D:/desktop/PKI大作业/scout-main/webshell_test_example\60-(74).php is normal
192:D:/desktop/PKI大作业/scout-main/webshell_test_example\60-(78).php is normal
193:D:/desktop/PKI大作业/scout-main/webshell_test_example\60-(80).php is normal
194:D:/desktop/PKI大作业/scout-main/webshell_test_example\60-(81).php is normal
195:D:/desktop/PKI大作业/scout-main/webshell_test_example\60-(82).php is normal
196:D:/desktop/PKI大作业/scout-main/webshell_test_example\60-(85).php is normal
197:D:/desktop/PKI大作业/scout-main/webshell_test_example\60-(86).php is normal
198:D:/desktop/PKI大作业/scout-main/webshell_test_example\60-(87).php is normal
199:D:/desktop/PKI大作业/scout-main/webshell_test_example\60-(89).php is normal
200:D:/desktop/PKI大作业/scout-main/webshell_test_example\60-(90).php is normal
201:D:/desktop/PKI大作业/scout-main/webshell_test_example\60-(91).php is webshell
202:D:/desktop/PKI大作业/scout-main/webshell_test_example\60-(92).php is normal
203:D:/desktop/PKI大作业/scout-main/webshell_test_example\60-(93).php is normal
204:D:/desktop/PKI大作业/scout-main/webshell_test_example\60-(94).php is normal
205:D:/desktop/PKI大作业/scout-main/webshell_test_example\60-(95).php is normal
206:D:/desktop/PKI大作业/scout-main/webshell_test_example\60-(97).php is normal
207:D:/desktop/PKI大作业/scout-main/webshell_test_example\70-(10).php is normal
208:D:/desktop/PKI大作业/scout-main/webshell_test_example\70-(12).php is webshell
209:D:/desktop/PKI大作业/scout-main/webshell_test_example\70-(14).php is normal
210:D:/desktop/PKI大作业/scout-main/webshell_test_example\70-(17).php is normal
211:D:/desktop/PKI大作业/scout-main/webshell_test_example\70-(19).php is normal
212:D:/desktop/PKI大作业/scout-main/webshell_test_example\70-(6).php is normal
213:D:/desktop/PKI大作业/scout-main/webshell_test_example\70-(8).php is normal
214:D:/desktop/PKI大作业/scout-main/webshell_test_example\70-(9).php is normal
215:D:/desktop/PKI大作业/scout-main/webshell_test_example\80-(13).php is normal
216:D:/desktop/PKI大作业/scout-main/webshell_test_example\80-(18).php is webshell
217:D:/desktop/PKI大作业/scout-main/webshell_test_example\80-(25).php is normal
218:D:/desktop/PKI大作业/scout-main/webshell_test_example\80-(29).php is webshell
219:D:/desktop/PKI大作业/scout-main/webshell_test_example\80-(30).php is webshell
220:D:/desktop/PKI大作业/scout-main/webshell_test_example\80-(31).php is normal
221:D:/desktop/PKI大作业/scout-main/webshell_test_example\80-(32).php is normal
222:D:/desktop/PKI大作业/scout-main/webshell_test_example\80-(36).php is webshell
223:D:/desktop/PKI大作业/scout-main/webshell_test_example\80-(39).php is normal
224:D:/desktop/PKI大作业/scout-main/webshell_test_example\80-(43).php is webshell
225:D:/desktop/PKI大作业/scout-main/webshell_test_example\90-(15).php is normal
226:D:/desktop/PKI大作业/scout-main/webshell_test_example\90-(16).php is webshell
227:D:/desktop/PKI大作业/scout-main/webshell_test_example\90-(18).php is webshell
228:D:/desktop/PKI大作业/scout-main/webshell_test_example\90-(19).php is webshell
229:D:/desktop/PKI大作业/scout-main/webshell_test_example\90-(2).php is webshell
230:D:/desktop/PKI大作业/scout-main/webshell_test_example\90-(20).php is webshell
231:D:/desktop/PKI大作业/scout-main/webshell_test_example\90-(21).php is normal
232:D:/desktop/PKI大作业/scout-main/webshell_test_example\90-(22).php is webshell
233:D:/desktop/PKI大作业/scout-main/webshell_test_example\90-(24).php is normal
234:D:/desktop/PKI大作业/scout-main/webshell_test_example\90-(27).php is webshell
235:D:/desktop/PKI大作业/scout-main/webshell_test_example\90-(28).php is normal
236:D:/desktop/PKI大作业/scout-main/webshell_test_example\90-(5).php is normal
237:D:/desktop/PKI大作业/scout-main/webshell_test_example\not detected.php is webshell
