Ëæ»úÉ­ÁÖ¼ì²âÄ£¿é
check
traindata/rfc-default.pkl
get_opcodes error!
RouteServiceProvider.php error!
get_opcodes error!
UserFactory.php error!
run_getStaticFeature error!
529.php error!
run_getStaticFeature error!
AK-74 Security Team Web Shell Beta Version.php error!
get_opcodes error!
Andela 1C3 v3 (Private Release 2017).php error!
run_getStaticFeature error!
Antichat Shell. Modified by Go0o$E.php error!
run_getStaticFeature error!
Ayyildiz Tim  -AYT- Shell v 2.1 Biz.php error!
run_getStaticFeature error!
aZRaiLPhp v1.0.php error!
run_getStaticFeature error!
CasuS 1.5.php error!
run_getStaticFeature error!
CrystalShell v.1.php error!
run_getStaticFeature error!
cw.php error!
run_getStaticFeature error!
Cyber Shell (v 1.0).php error!
run_getStaticFeature error!
cybershell.php error!
run_getStaticFeature error!
erne.php error!
run_getStaticFeature error!
ex0shell.php error!
run_getStaticFeature error!
fatal.php error!
run_getStaticFeature error!
GFS_web-shell_ver_3.1.7_-_PRiV8.php error!
run_getStaticFeature error!
KAdot Universal Shell v0.1.6.php error!
run_getStaticFeature error!
kral.php error!
run_getStaticFeature error!
Liz0ziM Private Safe Mode Command Execuriton Bypass Exploit.php error!
run_getStaticFeature error!
Loaderz WEB Shell.php error!
run_getStaticFeature error!
load_shell.php error!
get_opcodes error!
mysql_tool.php error!
run_getStaticFeature error!
NTDaddy v1.9.php error!
get_opcodes error!
PHPRemoteView.php error!
run_getStaticFeature error!
PhpSpy Ver 2006.php error!
get_opcodes error!
PinoyLULZSecPrivateShell2017.php error!
get_opcodes error!
Stupidc0de Shell (2017).php error!
1:check\1.php is webshell
2:check\laravel-10.x\app\Http\Kernel.php is normal
3:check\laravel-10.x\app\Exceptions\Handler.php is normal
4:check\laravel-10.x\app\Http\Controllers\Controller.php is normal
5:check\laravel-10.x\app\Http\Middleware\Authenticate.php is normal
6:check\laravel-10.x\app\Http\Middleware\EncryptCookies.php is normal
7:check\laravel-10.x\app\Http\Middleware\PreventRequestsDuringMaintenance.php is normal
8:check\laravel-10.x\app\Http\Middleware\RedirectIfAuthenticated.php is normal
9:check\laravel-10.x\app\Http\Middleware\TrimStrings.php is normal
10:check\laravel-10.x\app\Http\Middleware\TrustHosts.php is normal
11:check\laravel-10.x\app\Http\Middleware\TrustProxies.php is normal
12:check\laravel-10.x\app\Http\Middleware\ValidateSignature.php is normal
13:check\laravel-10.x\app\Http\Middleware\VerifyCsrfToken.php is normal
14:check\laravel-10.x\app\Models\User.php is normal
15:check\laravel-10.x\app\Providers\AppServiceProvider.php is normal
16:check\laravel-10.x\app\Providers\AuthServiceProvider.php is normal
17:check\laravel-10.x\app\Providers\BroadcastServiceProvider.php is normal
18:check\laravel-10.x\app\Providers\EventServiceProvider.php is normal
19:check\laravel-10.x\config\app.php is normal
20:check\laravel-10.x\config\auth.php is normal
21:check\laravel-10.x\config\broadcasting.php is normal
22:check\laravel-10.x\config\cache.php is normal
23:check\laravel-10.x\config\cors.php is normal
24:check\laravel-10.x\config\database.php is normal
25:check\laravel-10.x\config\filesystems.php is normal
26:check\laravel-10.x\config\hashing.php is normal
27:check\laravel-10.x\config\logging.php is normal
28:check\laravel-10.x\config\mail.php is normal
29:check\laravel-10.x\config\queue.php is normal
30:check\laravel-10.x\config\sanctum.php is normal
31:check\laravel-10.x\config\services.php is normal
32:check\laravel-10.x\config\session.php is normal
33:check\laravel-10.x\config\view.php is normal
34:check\laravel-10.x\database\migrations\2014_10_12_000000_create_users_table.php is normal
35:check\laravel-10.x\database\migrations\2014_10_12_100000_create_password_reset_tokens_table.php is normal
36:check\laravel-10.x\database\migrations\2019_08_19_000000_create_failed_jobs_table.php is normal
37:check\laravel-10.x\database\migrations\2019_12_14_000001_create_personal_access_tokens_table.php is normal
38:check\laravel-10.x\database\seeders\DatabaseSeeder.php is normal
39:check\laravel-10.x\public\index.php is normal
40:check\laravel-10.x\resources\views\welcome.blade.php is webshell
41:check\laravel-10.x\routes\api.php is normal
42:check\laravel-10.x\routes\channels.php is normal
43:check\laravel-10.x\routes\console.php is normal
44:check\laravel-10.x\routes\web.php is normal
45:check\laravel-10.x\tests\CreatesApplication.php is normal
46:check\laravel-10.x\tests\TestCase.php is normal
47:check\laravel-10.x\tests\Unit\ExampleTest.php is normal
48:check\PHP-Webshells-Collection-master\accept_language.php is webshell
49:check\PHP-Webshells-Collection-master\anonexploitershell.php is webshell
50:check\PHP-Webshells-Collection-master\Antichat Shell.php is webshell
51:check\PHP-Webshells-Collection-master\Antichat_Shell_v1.3.php is webshell
52:check\PHP-Webshells-Collection-master\autoroot.php is webshell
53:check\PHP-Webshells-Collection-master\Ayyildiz Tim Shell (Private Shell 2017).php is webshell
54:check\PHP-Webshells-Collection-master\b374k-mini-shell-php.php is webshell
55:check\PHP-Webshells-Collection-master\b374kv2.1.php is webshell
56:check\PHP-Webshells-Collection-master\b374v2.8-b374k.php is webshell
57:check\PHP-Webshells-Collection-master\backupsql.php is webshell
58:check\PHP-Webshells-Collection-master\bayz21-priv-shell-v1.php is webshell
59:check\PHP-Webshells-Collection-master\bayz21-priv-shell-v2.php is webshell
60:check\PHP-Webshells-Collection-master\bayz21-priv-shell-v3.php is webshell
61:check\PHP-Webshells-Collection-master\berandal-owlsquad.php is webshell
62:check\PHP-Webshells-Collection-master\bypass403.php is webshell
63:check\PHP-Webshells-Collection-master\bypass529.php is webshell
64:check\PHP-Webshells-Collection-master\c0derz shell [csh] v. 0.1.1 release.php is webshell
65:check\PHP-Webshells-Collection-master\C99madShell v. 2.0 madnet edition.php is webshell
66:check\PHP-Webshells-Collection-master\c99_locus7s.php is webshell
67:check\PHP-Webshells-Collection-master\c99_madnet.php is webshell
68:check\PHP-Webshells-Collection-master\Con7ext-Shell-V.2-l o l.php is webshell
69:check\PHP-Webshells-Collection-master\cpanel.php is webshell
70:check\PHP-Webshells-Collection-master\dC3 Security Crew Shell PRiV.php is webshell
71:check\PHP-Webshells-Collection-master\Dive Shell 1.0 - Emperor Hacking Team.php is webshell
72:check\PHP-Webshells-Collection-master\DTool Pro.php is webshell
73:check\PHP-Webshells-Collection-master\Engineers Security (Private PHP Shell 2017).php is webshell
74:check\PHP-Webshells-Collection-master\ftpsearch.php is webshell
75:check\PHP-Webshells-Collection-master\G-Security-Webshell.php is webshell
76:check\PHP-Webshells-Collection-master\g00nshell-v1.3.php is webshell
77:check\PHP-Webshells-Collection-master\Gamma Web Shell.php is webshell
78:check\PHP-Webshells-Collection-master\GRP WebShell 2.0 release build 2018 (C)2006,Great.php is webshell
79:check\PHP-Webshells-Collection-master\h4ntu shell [powered by tsoi].php is webshell
80:check\PHP-Webshells-Collection-master\hector-uploader.php is webshell
81:check\PHP-Webshells-Collection-master\hiddens shell v1.php is webshell
82:check\PHP-Webshells-Collection-master\indoxploit-mass-defacer.php is webshell
83:check\PHP-Webshells-Collection-master\IndoXploit.php is webshell
84:check\PHP-Webshells-Collection-master\ironshell.php is webshell
85:check\PHP-Webshells-Collection-master\jav-shellv1.1-maqlo.php is webshell
86:check\PHP-Webshells-Collection-master\jca.php is webshell
87:check\PHP-Webshells-Collection-master\k2ll33d.php is webshell
88:check\PHP-Webshells-Collection-master\kuda-encoded.php is webshell
89:check\PHP-Webshells-Collection-master\lamashell.php is webshell
90:check\PHP-Webshells-Collection-master\lifkaS.php is webshell
91:check\PHP-Webshells-Collection-master\lolipop-encoded.php is webshell
92:check\PHP-Webshells-Collection-master\lostDC-encoded.php is webshell
93:check\PHP-Webshells-Collection-master\MackersPrivatePHPShell-encoded.php is webshell
94:check\PHP-Webshells-Collection-master\matamu-encoded.php is webshell
95:check\PHP-Webshells-Collection-master\megabor-encoded.php is normal
96:check\PHP-Webshells-Collection-master\MoroccanSpamersMa-EditioNByGhOsT-encoded.php is normal
97:check\PHP-Webshells-Collection-master\myshell-encoded.php is webshell
98:check\PHP-Webshells-Collection-master\Mysql interface v1.0.php is webshell
99:check\PHP-Webshells-Collection-master\MySQL Web Interface Version 0.8.php is webshell
100:check\PHP-Webshells-Collection-master\NCC-Shell-encoded.php is webshell
101:check\PHP-Webshells-Collection-master\NGH-encoded.php is webshell
102:check\PHP-Webshells-Collection-master\nobody-uploader.php is webshell
103:check\PHP-Webshells-Collection-master\Non-alphanumeric.php is webshell
104:check\PHP-Webshells-Collection-master\nshell-encoded.php is webshell
105:check\PHP-Webshells-Collection-master\PHANTASMA-encoded.php is webshell
106:check\PHP-Webshells-Collection-master\php-backdoor-encoded.php is normal
107:check\PHP-Webshells-Collection-master\php-include-w-shell.php is webshell
108:check\PHP-Webshells-Collection-master\php-reverse-shell.php is webshell
109:check\PHP-Webshells-Collection-master\pHpINJ-encoded.php is webshell
110:check\PHP-Webshells-Collection-master\PHPShell-encoded.php is webshell
111:check\PHP-Webshells-Collection-master\PHVayv-encoded.php is normal
112:check\PHP-Webshells-Collection-master\Predator-encoded.php is webshell
113:check\PHP-Webshells-Collection-master\pws.php is webshell
114:check\PHP-Webshells-Collection-master\qsd-php-backdoor.php is webshell
115:check\PHP-Webshells-Collection-master\rootshell.php is webshell
116:check\PHP-Webshells-Collection-master\Rootshell.v.1.0-encoded.php is webshell
117:check\PHP-Webshells-Collection-master\ru24_post_sh.php is webshell
118:check\PHP-Webshells-Collection-master\s72 Shell v1.1 Coding.php is webshell
119:check\PHP-Webshells-Collection-master\safe0ver.php is webshell
120:check\PHP-Webshells-Collection-master\Safe0verShell-SafeModBypassByEvilc0der-encoded.php is webshell
121:check\PHP-Webshells-Collection-master\Safe_ModeBypassPHP4.4.2andPHP5.1.2-encoded.php is webshell
122:check\PHP-Webshells-Collection-master\securityghost-priv-Zero5.php is webshell
123:check\PHP-Webshells-Collection-master\SHOR7CUTShellBETAKILLERencoded.php is webshell
124:check\PHP-Webshells-Collection-master\SimAttacker-Version1.0.0-encoded.php is normal
125:check\PHP-Webshells-Collection-master\simattacker.php is webshell
126:check\PHP-Webshells-Collection-master\simple-php-backdoor.php is webshell
127:check\PHP-Webshells-Collection-master\simple-upload.php is webshell
128:check\PHP-Webshells-Collection-master\simple-uploadv2.php is webshell
129:check\PHP-Webshells-Collection-master\Simple_PHP_backdoor_by_DK-encoded.php is webshell
130:check\PHP-Webshells-Collection-master\SimShell1.0-SimorghSecurityMGZ-encoded.php is webshell
131:check\PHP-Webshells-Collection-master\Sincap1.0-encoded.php is normal
132:check\PHP-Webshells-Collection-master\small.php is webshell
133:check\PHP-Webshells-Collection-master\SmallWebShellbyZaCo-encoded.php is normal
134:check\PHP-Webshells-Collection-master\sym.php is webshell
135:check\PHP-Webshells-Collection-master\WHO AM I - MZRP105 (Private PHP Shell).php is webshell
136:check\PHP-Webshells-Collection-master\Wordpress Mass Defacer (FUD 2017).php is webshell
137:check\PHP-Webshells-Collection-master\wso-latest.php is webshell
138:check\PHP-Webshells-Collection-master\wso2.7.php is webshell
139:check\PHP-Webshells-Collection-master\wso2.8.php is webshell
