C:\Users\Lenovo\Desktop\python3Project\school\works\scout\check
C:\Users\Lenovo\Desktop\python3Project\school\works\scout\traindata\rfc.pkl
run_getStaticFeature error!
529.php error!
run_getStaticFeature error!
AK-74 Security Team Web Shell Beta Version.php error!
get_opcodes error!
Andela 1C3 v3 (Private Release 2017).php error!
run_getStaticFeature error!
Antichat Shell. Modified by Go0o$E.php error!
run_getStaticFeature error!
Ayyildiz Tim  -AYT- Shell v 2.1 Biz.php error!
run_getStaticFeature error!
aZRaiLPhp v1.0.php error!
run_getStaticFeature error!
CasuS 1.5.php error!
run_getStaticFeature error!
CrystalShell v.1.php error!
run_getStaticFeature error!
cw.php error!
run_getStaticFeature error!
Cyber Shell (v 1.0).php error!
run_getStaticFeature error!
cybershell.php error!
run_getStaticFeature error!
erne.php error!
run_getStaticFeature error!
ex0shell.php error!
run_getStaticFeature error!
fatal.php error!
run_getStaticFeature error!
GFS_web-shell_ver_3.1.7_-_PRiV8.php error!
run_getStaticFeature error!
KAdot Universal Shell v0.1.6.php error!
run_getStaticFeature error!
kral.php error!
run_getStaticFeature error!
Liz0ziM Private Safe Mode Command Execuriton Bypass Exploit.php error!
run_getStaticFeature error!
Loaderz WEB Shell.php error!
run_getStaticFeature error!
load_shell.php error!
get_opcodes error!
mysql_tool.php error!
run_getStaticFeature error!
NTDaddy v1.9.php error!
get_opcodes error!
PHPRemoteView.php error!
run_getStaticFeature error!
PhpSpy Ver 2006.php error!
get_opcodes error!
PinoyLULZSecPrivateShell2017.php error!
get_opcodes error!
Stupidc0de Shell (2017).php error!
1:C:/Users/Lenovo/Desktop/python3Project/school/works/scout/check/PHP-Webshells-Collection-master\accept_language.php is webshell
2:C:/Users/Lenovo/Desktop/python3Project/school/works/scout/check/PHP-Webshells-Collection-master\anonexploitershell.php is webshell
3:C:/Users/Lenovo/Desktop/python3Project/school/works/scout/check/PHP-Webshells-Collection-master\Antichat Shell.php is webshell
4:C:/Users/Lenovo/Desktop/python3Project/school/works/scout/check/PHP-Webshells-Collection-master\Antichat_Shell_v1.3.php is webshell
5:C:/Users/Lenovo/Desktop/python3Project/school/works/scout/check/PHP-Webshells-Collection-master\autoroot.php is webshell
6:C:/Users/Lenovo/Desktop/python3Project/school/works/scout/check/PHP-Webshells-Collection-master\Ayyildiz Tim Shell (Private Shell 2017).php is webshell
7:C:/Users/Lenovo/Desktop/python3Project/school/works/scout/check/PHP-Webshells-Collection-master\b374k-mini-shell-php.php is webshell
8:C:/Users/Lenovo/Desktop/python3Project/school/works/scout/check/PHP-Webshells-Collection-master\b374kv2.1.php is webshell
9:C:/Users/Lenovo/Desktop/python3Project/school/works/scout/check/PHP-Webshells-Collection-master\b374v2.8-b374k.php is webshell
10:C:/Users/Lenovo/Desktop/python3Project/school/works/scout/check/PHP-Webshells-Collection-master\backupsql.php is webshell
11:C:/Users/Lenovo/Desktop/python3Project/school/works/scout/check/PHP-Webshells-Collection-master\bayz21-priv-shell-v1.php is webshell
12:C:/Users/Lenovo/Desktop/python3Project/school/works/scout/check/PHP-Webshells-Collection-master\bayz21-priv-shell-v2.php is webshell
13:C:/Users/Lenovo/Desktop/python3Project/school/works/scout/check/PHP-Webshells-Collection-master\bayz21-priv-shell-v3.php is webshell
14:C:/Users/Lenovo/Desktop/python3Project/school/works/scout/check/PHP-Webshells-Collection-master\berandal-owlsquad.php is webshell
15:C:/Users/Lenovo/Desktop/python3Project/school/works/scout/check/PHP-Webshells-Collection-master\bypass403.php is webshell
16:C:/Users/Lenovo/Desktop/python3Project/school/works/scout/check/PHP-Webshells-Collection-master\bypass529.php is webshell
17:C:/Users/Lenovo/Desktop/python3Project/school/works/scout/check/PHP-Webshells-Collection-master\c0derz shell [csh] v. 0.1.1 release.php is webshell
18:C:/Users/Lenovo/Desktop/python3Project/school/works/scout/check/PHP-Webshells-Collection-master\C99madShell v. 2.0 madnet edition.php is webshell
19:C:/Users/Lenovo/Desktop/python3Project/school/works/scout/check/PHP-Webshells-Collection-master\c99_locus7s.php is webshell
20:C:/Users/Lenovo/Desktop/python3Project/school/works/scout/check/PHP-Webshells-Collection-master\c99_madnet.php is webshell
21:C:/Users/Lenovo/Desktop/python3Project/school/works/scout/check/PHP-Webshells-Collection-master\Con7ext-Shell-V.2-l o l.php is webshell
22:C:/Users/Lenovo/Desktop/python3Project/school/works/scout/check/PHP-Webshells-Collection-master\cpanel.php is webshell
23:C:/Users/Lenovo/Desktop/python3Project/school/works/scout/check/PHP-Webshells-Collection-master\dC3 Security Crew Shell PRiV.php is webshell
24:C:/Users/Lenovo/Desktop/python3Project/school/works/scout/check/PHP-Webshells-Collection-master\Dive Shell 1.0 - Emperor Hacking Team.php is webshell
25:C:/Users/Lenovo/Desktop/python3Project/school/works/scout/check/PHP-Webshells-Collection-master\DTool Pro.php is webshell
26:C:/Users/Lenovo/Desktop/python3Project/school/works/scout/check/PHP-Webshells-Collection-master\Engineers Security (Private PHP Shell 2017).php is webshell
27:C:/Users/Lenovo/Desktop/python3Project/school/works/scout/check/PHP-Webshells-Collection-master\ftpsearch.php is webshell
28:C:/Users/Lenovo/Desktop/python3Project/school/works/scout/check/PHP-Webshells-Collection-master\G-Security-Webshell.php is webshell
29:C:/Users/Lenovo/Desktop/python3Project/school/works/scout/check/PHP-Webshells-Collection-master\g00nshell-v1.3.php is webshell
30:C:/Users/Lenovo/Desktop/python3Project/school/works/scout/check/PHP-Webshells-Collection-master\Gamma Web Shell.php is webshell
31:C:/Users/Lenovo/Desktop/python3Project/school/works/scout/check/PHP-Webshells-Collection-master\GRP WebShell 2.0 release build 2018 (C)2006,Great.php is webshell
32:C:/Users/Lenovo/Desktop/python3Project/school/works/scout/check/PHP-Webshells-Collection-master\h4ntu shell [powered by tsoi].php is webshell
33:C:/Users/Lenovo/Desktop/python3Project/school/works/scout/check/PHP-Webshells-Collection-master\hector-uploader.php is webshell
34:C:/Users/Lenovo/Desktop/python3Project/school/works/scout/check/PHP-Webshells-Collection-master\hiddens shell v1.php is webshell
35:C:/Users/Lenovo/Desktop/python3Project/school/works/scout/check/PHP-Webshells-Collection-master\indoxploit-mass-defacer.php is webshell
36:C:/Users/Lenovo/Desktop/python3Project/school/works/scout/check/PHP-Webshells-Collection-master\IndoXploit.php is webshell
37:C:/Users/Lenovo/Desktop/python3Project/school/works/scout/check/PHP-Webshells-Collection-master\ironshell.php is webshell
38:C:/Users/Lenovo/Desktop/python3Project/school/works/scout/check/PHP-Webshells-Collection-master\jav-shellv1.1-maqlo.php is webshell
39:C:/Users/Lenovo/Desktop/python3Project/school/works/scout/check/PHP-Webshells-Collection-master\jca.php is webshell
40:C:/Users/Lenovo/Desktop/python3Project/school/works/scout/check/PHP-Webshells-Collection-master\k2ll33d.php is webshell
41:C:/Users/Lenovo/Desktop/python3Project/school/works/scout/check/PHP-Webshells-Collection-master\kuda-encoded.php is webshell
42:C:/Users/Lenovo/Desktop/python3Project/school/works/scout/check/PHP-Webshells-Collection-master\lamashell.php is webshell
43:C:/Users/Lenovo/Desktop/python3Project/school/works/scout/check/PHP-Webshells-Collection-master\lifkaS.php is webshell
44:C:/Users/Lenovo/Desktop/python3Project/school/works/scout/check/PHP-Webshells-Collection-master\lolipop-encoded.php is webshell
45:C:/Users/Lenovo/Desktop/python3Project/school/works/scout/check/PHP-Webshells-Collection-master\lostDC-encoded.php is webshell
46:C:/Users/Lenovo/Desktop/python3Project/school/works/scout/check/PHP-Webshells-Collection-master\MackersPrivatePHPShell-encoded.php is webshell
47:C:/Users/Lenovo/Desktop/python3Project/school/works/scout/check/PHP-Webshells-Collection-master\matamu-encoded.php is webshell
48:C:/Users/Lenovo/Desktop/python3Project/school/works/scout/check/PHP-Webshells-Collection-master\megabor-encoded.php is normal
49:C:/Users/Lenovo/Desktop/python3Project/school/works/scout/check/PHP-Webshells-Collection-master\MoroccanSpamersMa-EditioNByGhOsT-encoded.php is normal
50:C:/Users/Lenovo/Desktop/python3Project/school/works/scout/check/PHP-Webshells-Collection-master\myshell-encoded.php is webshell
51:C:/Users/Lenovo/Desktop/python3Project/school/works/scout/check/PHP-Webshells-Collection-master\Mysql interface v1.0.php is webshell
52:C:/Users/Lenovo/Desktop/python3Project/school/works/scout/check/PHP-Webshells-Collection-master\MySQL Web Interface Version 0.8.php is webshell
53:C:/Users/Lenovo/Desktop/python3Project/school/works/scout/check/PHP-Webshells-Collection-master\NCC-Shell-encoded.php is webshell
54:C:/Users/Lenovo/Desktop/python3Project/school/works/scout/check/PHP-Webshells-Collection-master\NGH-encoded.php is webshell
55:C:/Users/Lenovo/Desktop/python3Project/school/works/scout/check/PHP-Webshells-Collection-master\nobody-uploader.php is webshell
56:C:/Users/Lenovo/Desktop/python3Project/school/works/scout/check/PHP-Webshells-Collection-master\Non-alphanumeric.php is webshell
57:C:/Users/Lenovo/Desktop/python3Project/school/works/scout/check/PHP-Webshells-Collection-master\nshell-encoded.php is webshell
58:C:/Users/Lenovo/Desktop/python3Project/school/works/scout/check/PHP-Webshells-Collection-master\PHANTASMA-encoded.php is webshell
59:C:/Users/Lenovo/Desktop/python3Project/school/works/scout/check/PHP-Webshells-Collection-master\php-backdoor-encoded.php is normal
60:C:/Users/Lenovo/Desktop/python3Project/school/works/scout/check/PHP-Webshells-Collection-master\php-include-w-shell.php is webshell
61:C:/Users/Lenovo/Desktop/python3Project/school/works/scout/check/PHP-Webshells-Collection-master\php-reverse-shell.php is webshell
62:C:/Users/Lenovo/Desktop/python3Project/school/works/scout/check/PHP-Webshells-Collection-master\pHpINJ-encoded.php is webshell
63:C:/Users/Lenovo/Desktop/python3Project/school/works/scout/check/PHP-Webshells-Collection-master\PHPShell-encoded.php is webshell
64:C:/Users/Lenovo/Desktop/python3Project/school/works/scout/check/PHP-Webshells-Collection-master\PHVayv-encoded.php is normal
65:C:/Users/Lenovo/Desktop/python3Project/school/works/scout/check/PHP-Webshells-Collection-master\Predator-encoded.php is webshell
66:C:/Users/Lenovo/Desktop/python3Project/school/works/scout/check/PHP-Webshells-Collection-master\pws.php is webshell
67:C:/Users/Lenovo/Desktop/python3Project/school/works/scout/check/PHP-Webshells-Collection-master\qsd-php-backdoor.php is webshell
68:C:/Users/Lenovo/Desktop/python3Project/school/works/scout/check/PHP-Webshells-Collection-master\rootshell.php is webshell
69:C:/Users/Lenovo/Desktop/python3Project/school/works/scout/check/PHP-Webshells-Collection-master\Rootshell.v.1.0-encoded.php is webshell
70:C:/Users/Lenovo/Desktop/python3Project/school/works/scout/check/PHP-Webshells-Collection-master\ru24_post_sh.php is webshell
71:C:/Users/Lenovo/Desktop/python3Project/school/works/scout/check/PHP-Webshells-Collection-master\s72 Shell v1.1 Coding.php is webshell
72:C:/Users/Lenovo/Desktop/python3Project/school/works/scout/check/PHP-Webshells-Collection-master\safe0ver.php is webshell
73:C:/Users/Lenovo/Desktop/python3Project/school/works/scout/check/PHP-Webshells-Collection-master\Safe0verShell-SafeModBypassByEvilc0der-encoded.php is webshell
74:C:/Users/Lenovo/Desktop/python3Project/school/works/scout/check/PHP-Webshells-Collection-master\Safe_ModeBypassPHP4.4.2andPHP5.1.2-encoded.php is webshell
75:C:/Users/Lenovo/Desktop/python3Project/school/works/scout/check/PHP-Webshells-Collection-master\securityghost-priv-Zero5.php is webshell
76:C:/Users/Lenovo/Desktop/python3Project/school/works/scout/check/PHP-Webshells-Collection-master\SHOR7CUTShellBETAKILLERencoded.php is webshell
77:C:/Users/Lenovo/Desktop/python3Project/school/works/scout/check/PHP-Webshells-Collection-master\SimAttacker-Version1.0.0-encoded.php is normal
78:C:/Users/Lenovo/Desktop/python3Project/school/works/scout/check/PHP-Webshells-Collection-master\simattacker.php is webshell
79:C:/Users/Lenovo/Desktop/python3Project/school/works/scout/check/PHP-Webshells-Collection-master\simple-php-backdoor.php is webshell
80:C:/Users/Lenovo/Desktop/python3Project/school/works/scout/check/PHP-Webshells-Collection-master\simple-upload.php is webshell
81:C:/Users/Lenovo/Desktop/python3Project/school/works/scout/check/PHP-Webshells-Collection-master\simple-uploadv2.php is webshell
82:C:/Users/Lenovo/Desktop/python3Project/school/works/scout/check/PHP-Webshells-Collection-master\Simple_PHP_backdoor_by_DK-encoded.php is webshell
83:C:/Users/Lenovo/Desktop/python3Project/school/works/scout/check/PHP-Webshells-Collection-master\SimShell1.0-SimorghSecurityMGZ-encoded.php is webshell
84:C:/Users/Lenovo/Desktop/python3Project/school/works/scout/check/PHP-Webshells-Collection-master\Sincap1.0-encoded.php is normal
85:C:/Users/Lenovo/Desktop/python3Project/school/works/scout/check/PHP-Webshells-Collection-master\small.php is webshell
86:C:/Users/Lenovo/Desktop/python3Project/school/works/scout/check/PHP-Webshells-Collection-master\SmallWebShellbyZaCo-encoded.php is normal
87:C:/Users/Lenovo/Desktop/python3Project/school/works/scout/check/PHP-Webshells-Collection-master\sym.php is webshell
88:C:/Users/Lenovo/Desktop/python3Project/school/works/scout/check/PHP-Webshells-Collection-master\WHO AM I - MZRP105 (Private PHP Shell).php is webshell
89:C:/Users/Lenovo/Desktop/python3Project/school/works/scout/check/PHP-Webshells-Collection-master\Wordpress Mass Defacer (FUD 2017).php is webshell
90:C:/Users/Lenovo/Desktop/python3Project/school/works/scout/check/PHP-Webshells-Collection-master\wso-latest.php is webshell
91:C:/Users/Lenovo/Desktop/python3Project/school/works/scout/check/PHP-Webshells-Collection-master\wso2.7.php is webshell
92:C:/Users/Lenovo/Desktop/python3Project/school/works/scout/check/PHP-Webshells-Collection-master\wso2.8.php is webshell
Traceback (most recent call last):
  File "C:\Users\Lenovo\Desktop\python3Project\school\works\scout\main.py", line 231, in <module>
    run_tkinter_check()
  File "C:\Users\Lenovo\Desktop\python3Project\school\works\scout\main.py", line 214, in run_tkinter_check
    root_window.mainloop()
  File "D:\Python3.9.2\lib\tkinter\__init__.py", line 1429, in mainloop
    self.tk.mainloop(n)
KeyboardInterrupt
