随机森林训练模块
D:/desktop/PKI大作业/scout-main/traindata
D:/desktop/PKI大作业/scout-main/model_saved/randomForest.pkl
run_getStaticFeature error!
D:/desktop/PKI大作业/scout-main/traindata\black-traindata\php\phpspy\2011.php error!
get_opcodes error!
D:/desktop/PKI大作业/scout-main/traindata\black-traindata\php\2022-08-26-05.php error!
get_opcodes error!
D:/desktop/PKI大作业/scout-main/traindata\black-traindata\php\20220206.php error!
run_getStaticFeature error!
D:/desktop/PKI大作业/scout-main/traindata\black-traindata\php\angel大马.php error!
get_opcodes error!
D:/desktop/PKI大作业/scout-main/traindata\black-traindata\php\ghost_source.php error!
run_getStaticFeature error!
D:/desktop/PKI大作业/scout-main/traindata\black-traindata\php\icesword.php error!
run_getStaticFeature error!
D:/desktop/PKI大作业/scout-main/traindata\black-traindata\php\itsec.php error!
get_opcodes error!
D:/desktop/PKI大作业/scout-main/traindata\black-traindata\php\lnc.php error!
run_getStaticFeature error!
D:/desktop/PKI大作业/scout-main/traindata\black-traindata\php\poison.php error!
run_getStaticFeature error!
D:/desktop/PKI大作业/scout-main/traindata\black-traindata\php\r00ts php大马.php error!
run_getStaticFeature error!
D:/desktop/PKI大作业/scout-main/traindata\black-traindata\php\spy.php error!
get_opcodes error!
D:/desktop/PKI大作业/scout-main/traindata\black-traindata\php\system2022-08-22.php error!
run_getStaticFeature error!
D:/desktop/PKI大作业/scout-main/traindata\black-traindata\php-awsome\c99_PSych0.php error!
run_getStaticFeature error!
D:/desktop/PKI大作业/scout-main/traindata\black-traindata\php-awsome\Crystal.php error!
run_getStaticFeature error!
D:/desktop/PKI大作业/scout-main/traindata\black-traindata\php-awsome\ctt_sh.php error!
run_getStaticFeature error!
D:/desktop/PKI大作业/scout-main/traindata\black-traindata\php-awsome\Dx.php error!
run_getStaticFeature error!
D:/desktop/PKI大作业/scout-main/traindata\black-traindata\php-awsome\gfs_sh.php error!
run_getStaticFeature error!
D:/desktop/PKI大作业/scout-main/traindata\black-traindata\php-awsome\iMHaPFtp.php error!
run_getStaticFeature error!
D:/desktop/PKI大作业/scout-main/traindata\black-traindata\php-awsome\NetworkFileManagerPHP.php error!
run_getStaticFeature error!
D:/desktop/PKI大作业/scout-main/traindata\black-traindata\php\PHPshell\NIX REMOTE WEB-SHELL v.0.5 alpha Lite Public Version\NIX REMOTE WEB-SHELL.php error!
run_getStaticFeature error!
D:/desktop/PKI大作业/scout-main/traindata\black-traindata\php-awsome\nstview.php error!
run_getStaticFeature error!
D:/desktop/PKI大作业/scout-main/traindata\black-traindata\php-awsome\PH Vayv.php error!
run_getStaticFeature error!
D:/desktop/PKI大作业/scout-main/traindata\black-traindata\php-webshells\PHPRemoteView.php error!
run_getStaticFeature error!
D:/desktop/PKI大作业/scout-main/traindata\black-traindata\php-awsome\r57shell.php error!
run_getStaticFeature error!
D:/desktop/PKI大作业/scout-main/traindata\black-traindata\Php-2\r57shell127.php error!
run_getStaticFeature error!
D:/desktop/PKI大作业/scout-main/traindata\black-traindata\php-awsome\SnIpEr_SA Shell.php error!
run_getStaticFeature error!
D:/desktop/PKI大作业/scout-main/traindata\black-traindata\Php-2\EgY_SpIdEr ShElL V2.php error!
run_getStaticFeature error!
D:/desktop/PKI大作业/scout-main/traindata\black-traindata\php\PHPshell\【PHPJackal v1.5】\PHPJackal v1.5.php error!
run_getStaticFeature error!
D:/desktop/PKI大作业/scout-main/traindata\black-traindata\Php-2\Shell [ci] .Biz was here.php error!
run_getStaticFeature error!
D:/desktop/PKI大作业/scout-main/traindata\black-traindata\php-awsome\2008.php error!
run_getStaticFeature error!
D:/desktop/PKI大作业/scout-main/traindata\black-traindata\php-awsome\2009lite.php error!
run_getStaticFeature error!
D:/desktop/PKI大作业/scout-main/traindata\black-traindata\php-awsome\2009mssql.php error!
run_getStaticFeature error!
D:/desktop/PKI大作业/scout-main/traindata\black-traindata\php-awsome\phpspy2010.php error!
run_getStaticFeature error!
D:/desktop/PKI大作业/scout-main/traindata\black-traindata\php\phpspy\phpspy_2005_full.php error!
run_getStaticFeature error!
D:/desktop/PKI大作业/scout-main/traindata\black-traindata\php\phpspy\phpspy_2005_lite.php error!
run_getStaticFeature error!
D:/desktop/PKI大作业/scout-main/traindata\black-traindata\php\phpspy\phpspy_2006.php error!
get_opcodes error!
D:/desktop/PKI大作业/scout-main/traindata\black-traindata\php\twitter\v4xGus6X.php error!
get_opcodes error!
D:/desktop/PKI大作业/scout-main/traindata\black-traindata\Php-2\404webshell.php error!
run_getStaticFeature error!
D:/desktop/PKI大作业/scout-main/traindata\black-traindata\php-webshells\529.php error!
run_getStaticFeature error!
D:/desktop/PKI大作业/scout-main/traindata\black-traindata\php-awsome\AK-74 Security Team Web Shell Beta Version.php error!
run_getStaticFeature error!
D:/desktop/PKI大作业/scout-main/traindata\black-traindata\Php-2\AK-74 Security Team.php error!
run_getStaticFeature error!
D:/desktop/PKI大作业/scout-main/traindata\black-traindata\php-awsome\Antichat Shell. Modified by Go0o$E.php error!
run_getStaticFeature error!
D:/desktop/PKI大作业/scout-main/traindata\black-traindata\Php-2\Antichat Socks5 Server v 1.0.php error!
get_opcodes error!
D:/desktop/PKI大作业/scout-main/traindata\black-traindata\Php-2\ASPYDrvsInfo.php error!
get_opcodes error!
D:/desktop/PKI大作业/scout-main/traindata\black-traindata\Php-2\ava Server Faces MiniWebCmdShell 0.2 by HeartLESS.php error!
run_getStaticFeature error!
D:/desktop/PKI大作业/scout-main/traindata\black-traindata\Php-2\AventGrup-Sincap 1.0.php error!
run_getStaticFeature error!
D:/desktop/PKI大作业/scout-main/traindata\black-traindata\php-awsome\Ayyildiz Tim  -AYT- Shell v 2.1 Biz.php error!
run_getStaticFeature error!
D:/desktop/PKI大作业/scout-main/traindata\black-traindata\Php-2\azrail 1.0 by C-W-M.php error!
run_getStaticFeature error!
D:/desktop/PKI大作业/scout-main/traindata\black-traindata\php-awsome\aZRaiLPhp v1.0.php error!
run_getStaticFeature error!
D:/desktop/PKI大作业/scout-main/traindata\black-traindata\php-webshells\aZRaiLPhp_v1.0.php error!
run_getStaticFeature error!
D:/desktop/PKI大作业/scout-main/traindata\black-traindata\Php-2\B374k Beta ShElL V1.php error!
run_getStaticFeature error!
D:/desktop/PKI大作业/scout-main/traindata\black-traindata\Php-2\Backdoor php v0.1 Coded By Charlichaplin.php error!
run_getStaticFeature error!
D:/desktop/PKI大作业/scout-main/traindata\black-traindata\Php-2\backdoorfr.php error!
run_getStaticFeature error!
D:/desktop/PKI大作业/scout-main/traindata\black-traindata\Php-2\BLaSTER.php error!
get_opcodes error!
D:/desktop/PKI大作业/scout-main/traindata\black-traindata\Php-2\Bnkqbakq.php error!
run_getStaticFeature error!
D:/desktop/PKI大作业/scout-main/traindata\black-traindata\php-awsome\CasuS 1.5.php error!
run_getStaticFeature error!
D:/desktop/PKI大作业/scout-main/traindata\black-traindata\Php-2\Changing CHMOD Permissions Exploit.php error!
run_getStaticFeature error!
D:/desktop/PKI大作业/scout-main/traindata\black-traindata\php-awsome\CrystalShell v.1.php error!
run_getStaticFeature error!
D:/desktop/PKI大作业/scout-main/traindata\black-traindata\php-webshells\cw.php error!
run_getStaticFeature error!
D:/desktop/PKI大作业/scout-main/traindata\black-traindata\php-awsome\Cyber Shell.php error!
run_getStaticFeature error!
D:/desktop/PKI大作业/scout-main/traindata\black-traindata\php-webshells\cybershell.php error!
run_getStaticFeature error!
D:/desktop/PKI大作业/scout-main/traindata\black-traindata\Php-2\Deface Keeper 0.2.php error!
run_getStaticFeature error!
D:/desktop/PKI大作业/scout-main/traindata\black-traindata\php-webshells\erne.php error!
run_getStaticFeature error!
D:/desktop/PKI大作业/scout-main/traindata\black-traindata\php-webshells\ex0shell.php error!
run_getStaticFeature error!
D:/desktop/PKI大作业/scout-main/traindata\black-traindata\Php-2\exp.php error!
run_getStaticFeature error!
