Ëæ»úÉ­ÁÖ¼ì²âÄ£¿é
check
traindata/rfc-default.pkl
run_getStaticFeature error!
529.php error!
run_getStaticFeature error!
AK-74.php error!
get_opcodes error!
aspydrv.php error!
run_getStaticFeature error!
Ayyildiz_Tim.php error!
run_getStaticFeature error!
aZRaiLPhp_v1.0.php error!
run_getStaticFeature error!
CasuS-1.5.php error!
run_getStaticFeature error!
cgitelnet.php error!
run_getStaticFeature error!
CrystalShell.php error!
run_getStaticFeature error!
cw.php error!
run_getStaticFeature error!
cybershell.php error!
run_getStaticFeature error!
erne.php error!
run_getStaticFeature error!
ex0shell.php error!
run_getStaticFeature error!
fatal.php error!
run_getStaticFeature error!
GFS_web-shell.php error!
run_getStaticFeature error!
JspWebshell_1.2.php error!
run_getStaticFeature error!
KA_uShell_0.1.6.php error!
run_getStaticFeature error!
kral.php error!
run_getStaticFeature error!
Loaderz_WEB_Shell.php error!
run_getStaticFeature error!
load_shell.php error!
run_getStaticFeature error!
MyShell.php error!
get_opcodes error!
mysql_tool.php error!
run_getStaticFeature error!
NGH.php error!
run_getStaticFeature error!
nshell.php error!
run_getStaticFeature error!
NTDaddy_v1.9.php error!
run_getStaticFeature error!
PHANTASMA.php error!
run_getStaticFeature error!
PHPRemoteView.php error!
run_getStaticFeature error!
PhpSpy.php error!
run_getStaticFeature error!
PHVayv.php error!
get_opcodes error!
punk-nopass.php error!
run_getStaticFeature error!
rootshell.php error!
run_getStaticFeature error!
s72_Shell.php error!
run_getStaticFeature error!
safe0ver.php error!
run_getStaticFeature error!
Safe0ver_Shell.php error!
run_getStaticFeature error!
Sincap_1.0.php error!
run_getStaticFeature error!
sosyete.php error!
run_getStaticFeature error!
stres.php error!
run_getStaticFeature error!
toolaspshell.php error!
run_getStaticFeature error!
tryag.php error!
run_getStaticFeature error!
zehir4.php error!
1:C:/Users/Lenovo/Desktop/python3Project/school/works/scout/test\black-traindata\1.php is webshell
2:C:/Users/Lenovo/Desktop/python3Project/school/works/scout/test\black-traindata\php-webshells\accept_language.php is webshell
3:C:/Users/Lenovo/Desktop/python3Project/school/works/scout/test\black-traindata\php-webshells\Ajax_PHP_Command_Shell.php is webshell
4:C:/Users/Lenovo/Desktop/python3Project/school/works/scout/test\black-traindata\php-webshells\alfa3.php is webshell
5:C:/Users/Lenovo/Desktop/python3Project/school/works/scout/test\black-traindata\php-webshells\andela.php is webshell
6:C:/Users/Lenovo/Desktop/python3Project/school/works/scout/test\black-traindata\php-webshells\Antichat_Shell.php is webshell
7:C:/Users/Lenovo/Desktop/python3Project/school/works/scout/test\black-traindata\php-webshells\b374k-mini-shell.php is webshell
8:C:/Users/Lenovo/Desktop/python3Project/school/works/scout/test\black-traindata\php-webshells\backupsql.php is webshell
9:C:/Users/Lenovo/Desktop/python3Project/school/works/scout/test\black-traindata\php-webshells\bloodsecv4.php is webshell
10:C:/Users/Lenovo/Desktop/python3Project/school/works/scout/test\black-traindata\php-webshells\by.php is webshell
11:C:/Users/Lenovo/Desktop/python3Project/school/works/scout/test\black-traindata\php-webshells\c0derz_shell.php is webshell
12:C:/Users/Lenovo/Desktop/python3Project/school/works/scout/test\black-traindata\php-webshells\c99ud.php is webshell
13:C:/Users/Lenovo/Desktop/python3Project/school/works/scout/test\black-traindata\php-webshells\c99_locus7s.php is webshell
14:C:/Users/Lenovo/Desktop/python3Project/school/works/scout/test\black-traindata\php-webshells\c99_madnet.php is webshell
15:C:/Users/Lenovo/Desktop/python3Project/school/works/scout/test\black-traindata\php-webshells\cmd.php is webshell
16:C:/Users/Lenovo/Desktop/python3Project/school/works/scout/test\black-traindata\php-webshells\configkillerionkros.php is webshell
17:C:/Users/Lenovo/Desktop/python3Project/school/works/scout/test\black-traindata\php-webshells\cpanel.php is webshell
18:C:/Users/Lenovo/Desktop/python3Project/school/works/scout/test\black-traindata\php-webshells\dC3_Security.php is webshell
19:C:/Users/Lenovo/Desktop/python3Project/school/works/scout/test\black-traindata\php-webshells\Dive_Shell.php is webshell
20:C:/Users/Lenovo/Desktop/python3Project/school/works/scout/test\black-traindata\php-webshells\DTool_Pro.php is webshell
21:C:/Users/Lenovo/Desktop/python3Project/school/works/scout/test\black-traindata\php-webshells\easy-simple-php-webshell.php is webshell
22:C:/Users/Lenovo/Desktop/python3Project/school/works/scout/test\black-traindata\php-webshells\ftpsearch.php is webshell
23:C:/Users/Lenovo/Desktop/python3Project/school/works/scout/test\black-traindata\php-webshells\g00nshell-v1.3.php is webshell
24:C:/Users/Lenovo/Desktop/python3Project/school/works/scout/test\black-traindata\php-webshells\Gamma_Web_Shell.php is webshell
25:C:/Users/Lenovo/Desktop/python3Project/school/works/scout/test\black-traindata\php-webshells\go-shell.php is webshell
26:C:/Users/Lenovo/Desktop/python3Project/school/works/scout/test\black-traindata\php-webshells\GRP_WebShell.php is webshell
27:C:/Users/Lenovo/Desktop/python3Project/school/works/scout/test\black-traindata\php-webshells\h4ntu_shell.php is webshell
28:C:/Users/Lenovo/Desktop/python3Project/school/works/scout/test\black-traindata\php-webshells\hiddens_shell.php is webshell
29:C:/Users/Lenovo/Desktop/python3Project/school/works/scout/test\black-traindata\php-webshells\ironshell.php is webshell
30:C:/Users/Lenovo/Desktop/python3Project/school/works/scout/test\black-traindata\php-webshells\lamashell.php is webshell
31:C:/Users/Lenovo/Desktop/python3Project/school/works/scout/test\black-traindata\php-webshells\lifkaS.php is webshell
32:C:/Users/Lenovo/Desktop/python3Project/school/works/scout/test\black-traindata\php-webshells\lolipop.php is webshell
33:C:/Users/Lenovo/Desktop/python3Project/school/works/scout/test\black-traindata\php-webshells\lostDC.php is webshell
34:C:/Users/Lenovo/Desktop/python3Project/school/works/scout/test\black-traindata\php-webshells\Mackers_Private_Shell.php is webshell
35:C:/Users/Lenovo/Desktop/python3Project/school/works/scout/test\black-traindata\php-webshells\matamu.php is webshell
36:C:/Users/Lenovo/Desktop/python3Project/school/works/scout/test\black-traindata\php-webshells\megabor.php is webshell
37:C:/Users/Lenovo/Desktop/python3Project/school/works/scout/test\black-traindata\php-webshells\mini.php is webshell
38:C:/Users/Lenovo/Desktop/python3Project/school/works/scout/test\black-traindata\php-webshells\Moroccan_Spamers.php is webshell
39:C:/Users/Lenovo/Desktop/python3Project/school/works/scout/test\black-traindata\php-webshells\Mysql_interface_v1.0.php is webshell
40:C:/Users/Lenovo/Desktop/python3Project/school/works/scout/test\black-traindata\php-webshells\MySQL_Web_Interface.php is webshell
41:C:/Users/Lenovo/Desktop/python3Project/school/works/scout/test\black-traindata\php-webshells\NCC-Shell.php is webshell
42:C:/Users/Lenovo/Desktop/python3Project/school/works/scout/test\black-traindata\php-webshells\Non-alphanumeric.php is webshell
43:C:/Users/Lenovo/Desktop/python3Project/school/works/scout/test\black-traindata\php-webshells\obfuscated-punknopass.php is webshell
44:C:/Users/Lenovo/Desktop/python3Project/school/works/scout/test\black-traindata\php-webshells\php-backdoor.php is webshell
45:C:/Users/Lenovo/Desktop/python3Project/school/works/scout/test\black-traindata\php-webshells\php-findsock-shell.php is webshell
46:C:/Users/Lenovo/Desktop/python3Project/school/works/scout/test\black-traindata\php-webshells\php-include-w-shell.php is webshell
47:C:/Users/Lenovo/Desktop/python3Project/school/works/scout/test\black-traindata\php-webshells\php-reverse-shell.php is webshell
48:C:/Users/Lenovo/Desktop/python3Project/school/works/scout/test\black-traindata\php-webshells\php-web-shell.php is webshell
49:C:/Users/Lenovo/Desktop/python3Project/school/works/scout/test\black-traindata\php-webshells\pHpINJ.php is webshell
50:C:/Users/Lenovo/Desktop/python3Project/school/works/scout/test\black-traindata\php-webshells\PHP_Shell.php is webshell
51:C:/Users/Lenovo/Desktop/python3Project/school/works/scout/test\black-traindata\php-webshells\Predator.php is webshell
52:C:/Users/Lenovo/Desktop/python3Project/school/works/scout/test\black-traindata\php-webshells\punkholic.php is webshell
53:C:/Users/Lenovo/Desktop/python3Project/school/works/scout/test\black-traindata\php-webshells\pws.php is webshell
54:C:/Users/Lenovo/Desktop/python3Project/school/works/scout/test\black-traindata\php-webshells\qsd-backdoor.php is webshell
55:C:/Users/Lenovo/Desktop/python3Project/school/works/scout/test\black-traindata\php-webshells\r57.php is webshell
56:C:/Users/Lenovo/Desktop/python3Project/school/works/scout/test\black-traindata\php-webshells\robots.php is webshell
57:C:/Users/Lenovo/Desktop/python3Project/school/works/scout/test\black-traindata\php-webshells\Rootshell.v.1.0.php is webshell
58:C:/Users/Lenovo/Desktop/python3Project/school/works/scout/test\black-traindata\php-webshells\ru24_post_sh.php is webshell
59:C:/Users/Lenovo/Desktop/python3Project/school/works/scout/test\black-traindata\php-webshells\Safe_Mode_Bypass.php is webshell
60:C:/Users/Lenovo/Desktop/python3Project/school/works/scout/test\black-traindata\php-webshells\simattacker.php is webshell
61:C:/Users/Lenovo/Desktop/python3Project/school/works/scout/test\black-traindata\php-webshells\simple-backdoor.php is webshell
62:C:/Users/Lenovo/Desktop/python3Project/school/works/scout/test\black-traindata\php-webshells\Simple-Webshell.php is webshell
63:C:/Users/Lenovo/Desktop/python3Project/school/works/scout/test\black-traindata\php-webshells\simple_cmd.php is webshell
64:C:/Users/Lenovo/Desktop/python3Project/school/works/scout/test\black-traindata\php-webshells\Simple_PHP_backdoor.php is webshell
65:C:/Users/Lenovo/Desktop/python3Project/school/works/scout/test\black-traindata\php-webshells\SimShell.php is webshell
66:C:/Users/Lenovo/Desktop/python3Project/school/works/scout/test\black-traindata\php-webshells\small.php is webshell
67:C:/Users/Lenovo/Desktop/python3Project/school/works/scout/test\black-traindata\php-webshells\Small_Web_Shell.php is webshell
68:C:/Users/Lenovo/Desktop/python3Project/school/works/scout/test\black-traindata\php-webshells\smevk.php is webshell
69:C:/Users/Lenovo/Desktop/python3Project/school/works/scout/test\black-traindata\php-webshells\soldierofallah.php is webshell
70:C:/Users/Lenovo/Desktop/python3Project/school/works/scout/test\black-traindata\php-webshells\spygrup.php is webshell
71:C:/Users/Lenovo/Desktop/python3Project/school/works/scout/test\black-traindata\php-webshells\STNC_WebShell_v0.8.php is webshell
72:C:/Users/Lenovo/Desktop/python3Project/school/works/scout/test\black-traindata\php-webshells\Uploader.php is webshell
73:C:/Users/Lenovo/Desktop/python3Project/school/works/scout/test\black-traindata\php-webshells\web-shell.php is webshell
74:C:/Users/Lenovo/Desktop/python3Project/school/works/scout/test\black-traindata\php-webshells\WinX_Shell.php is webshell
75:C:/Users/Lenovo/Desktop/python3Project/school/works/scout/test\black-traindata\php-webshells\Worse_Linux_Shell.php is webshell
76:C:/Users/Lenovo/Desktop/python3Project/school/works/scout/test\black-traindata\php-webshells\wso2.8.5.php is webshell
77:C:/Users/Lenovo/Desktop/python3Project/school/works/scout/test\black-traindata\php-webshells\wwwolf-webshell.php is webshell
78:C:/Users/Lenovo/Desktop/python3Project/school/works/scout/test\black-traindata\php-webshells\zaco.php is webshell
79:C:/Users/Lenovo/Desktop/python3Project/school/works/scout/test\black-traindata\php-webshells\zacosmall.php is webshell
80:C:/Users/Lenovo/Desktop/python3Project/school/works/scout/test\black-traindata\php-webshells\ZyklonShell.php is webshell
81:C:/Users/Lenovo/Desktop/python3Project/school/works/scout/test\white-traindata\twentyeleven\index.php is normal
82:C:/Users/Lenovo/Desktop/python3Project/school/works/scout/test\white-traindata\twentyeleven\404.php is normal
83:C:/Users/Lenovo/Desktop/python3Project/school/works/scout/test\white-traindata\twentyeleven\archive.php is normal
84:C:/Users/Lenovo/Desktop/python3Project/school/works/scout/test\white-traindata\twentyeleven\author.php is normal
85:C:/Users/Lenovo/Desktop/python3Project/school/works/scout/test\white-traindata\twentyeleven\category.php is normal
86:C:/Users/Lenovo/Desktop/python3Project/school/works/scout/test\white-traindata\twentyeleven\comments.php is normal
87:C:/Users/Lenovo/Desktop/python3Project/school/works/scout/test\white-traindata\twentyeleven\content-aside.php is normal
88:C:/Users/Lenovo/Desktop/python3Project/school/works/scout/test\white-traindata\twentyeleven\content-featured.php is normal
89:C:/Users/Lenovo/Desktop/python3Project/school/works/scout/test\white-traindata\twentyeleven\content-gallery.php is normal
90:C:/Users/Lenovo/Desktop/python3Project/school/works/scout/test\white-traindata\twentyeleven\content-image.php is normal
91:C:/Users/Lenovo/Desktop/python3Project/school/works/scout/test\white-traindata\twentyeleven\content-intro.php is normal
92:C:/Users/Lenovo/Desktop/python3Project/school/works/scout/test\white-traindata\twentyeleven\content-link.php is normal
93:C:/Users/Lenovo/Desktop/python3Project/school/works/scout/test\white-traindata\twentyeleven\content-page.php is normal
94:C:/Users/Lenovo/Desktop/python3Project/school/works/scout/test\white-traindata\twentyeleven\content-quote.php is normal
95:C:/Users/Lenovo/Desktop/python3Project/school/works/scout/test\white-traindata\twentyeleven\content-single.php is normal
96:C:/Users/Lenovo/Desktop/python3Project/school/works/scout/test\white-traindata\twentyeleven\content-status.php is normal
97:C:/Users/Lenovo/Desktop/python3Project/school/works/scout/test\white-traindata\twentyeleven\content.php is normal
98:C:/Users/Lenovo/Desktop/python3Project/school/works/scout/test\white-traindata\twentyeleven\footer.php is normal
99:C:/Users/Lenovo/Desktop/python3Project/school/works/scout/test\white-traindata\twentyeleven\functions.php is normal
100:C:/Users/Lenovo/Desktop/python3Project/school/works/scout/test\white-traindata\twentyeleven\header.php is normal
101:C:/Users/Lenovo/Desktop/python3Project/school/works/scout/test\white-traindata\twentyeleven\image.php is normal
102:C:/Users/Lenovo/Desktop/python3Project/school/works/scout/test\white-traindata\twentyeleven\page.php is normal
103:C:/Users/Lenovo/Desktop/python3Project/school/works/scout/test\white-traindata\twentyeleven\search.php is normal
104:C:/Users/Lenovo/Desktop/python3Project/school/works/scout/test\white-traindata\twentyeleven\searchform.php is normal
105:C:/Users/Lenovo/Desktop/python3Project/school/works/scout/test\white-traindata\twentyeleven\showcase.php is normal
106:C:/Users/Lenovo/Desktop/python3Project/school/works/scout/test\white-traindata\twentyeleven\sidebar-footer.php is normal
107:C:/Users/Lenovo/Desktop/python3Project/school/works/scout/test\white-traindata\twentyeleven\sidebar-page.php is normal
108:C:/Users/Lenovo/Desktop/python3Project/school/works/scout/test\white-traindata\twentyeleven\sidebar.php is normal
109:C:/Users/Lenovo/Desktop/python3Project/school/works/scout/test\white-traindata\twentyeleven\single.php is normal
110:C:/Users/Lenovo/Desktop/python3Project/school/works/scout/test\white-traindata\twentyeleven\tag.php is normal
111:C:/Users/Lenovo/Desktop/python3Project/school/works/scout/test\white-traindata\twentyeleven\inc\block-patterns.php is normal
112:C:/Users/Lenovo/Desktop/python3Project/school/works/scout/test\white-traindata\twentyeleven\inc\theme-options.php is normal
113:C:/Users/Lenovo/Desktop/python3Project/school/works/scout/test\white-traindata\twentyeleven\inc\widgets.php is normal
